Command line invocation:
    /Applications/Xcode.app/Contents/Developer/usr/bin/xcodebuild -project EtyNote.xcodeproj -scheme EtyNote -destination "generic/platform=iOS Simulator" build

2026-02-12 17:28:32.966 xcodebuild[84895:40140656] [MT] IDERunDestination: Supported platforms for the buildables in the current scheme is empty.
ComputePackagePrebuildTargetDependencyGraph

Prepare packages

CreateBuildRequest

SendProjectDescription

CreateBuildOperation

ComputeTargetDependencyGraph
note: Building targets in dependency order
note: Target dependency graph (1 target)
    Target 'EtyNote' in project 'EtyNote' (no dependencies)

GatherProvisioningInputs

CreateBuildDescription

ExecuteExternalTool /Applications/Xcode.app/Contents/Developer/Toolchains/XcodeDefault.xctoolchain/usr/bin/clang -v -E -dM -isysroot /Applications/Xcode.app/Contents/Developer/Platforms/iPhoneSimulator.platform/Developer/SDKs/iPhoneSimulator26.0.sdk -x c -c /dev/null

ExecuteExternalTool /Applications/Xcode.app/Contents/Developer/Toolchains/XcodeDefault.xctoolchain/usr/bin/swiftc --version

ExecuteExternalTool /Applications/Xcode.app/Contents/Developer/Toolchains/XcodeDefault.xctoolchain/usr/bin/ld -version_details

Build description signature: 6752aa4abb87dc074fabc82861070deb
Build description path: /Users/macchuzu/Library/Developer/Xcode/DerivedData/EtyNote-bknvbnxncpajuygxuromppnmndkc/Build/Intermediates.noindex/XCBuildData/6752aa4abb87dc074fabc82861070deb.xcbuilddata
ClangStatCache /Applications/Xcode.app/Contents/Developer/Toolchains/XcodeDefault.xctoolchain/usr/bin/clang-stat-cache /Applications/Xcode.app/Contents/Developer/Platforms/iPhoneSimulator.platform/Developer/SDKs/iPhoneSimulator26.0.sdk /Users/macchuzu/Library/Developer/Xcode/DerivedData/SDKStatCaches.noindex/iphonesimulator26.0-23A339-26257891a6c027eb51374368541b8346.sdkstatcache
    cd /Users/macchuzu/EtyNote/EtyNote.xcodeproj
    /Applications/Xcode.app/Contents/Developer/Toolchains/XcodeDefault.xctoolchain/usr/bin/clang-stat-cache /Applications/Xcode.app/Contents/Developer/Platforms/iPhoneSimulator.platform/Developer/SDKs/iPhoneSimulator26.0.sdk -o /Users/macchuzu/Library/Developer/Xcode/DerivedData/SDKStatCaches.noindex/iphonesimulator26.0-23A339-26257891a6c027eb51374368541b8346.sdkstatcache

ProcessInfoPlistFile /Users/macchuzu/Library/Developer/Xcode/DerivedData/EtyNote-bknvbnxncpajuygxuromppnmndkc/Build/Products/Debug-iphonesimulator/EtyNote.app/Info.plist /Users/macchuzu/Library/Developer/Xcode/DerivedData/EtyNote-bknvbnxncpajuygxuromppnmndkc/Build/Intermediates.noindex/EtyNote.build/Debug-iphonesimulator/EtyNote.build/empty-EtyNote.plist (in target 'EtyNote' from project 'EtyNote')
    cd /Users/macchuzu/EtyNote
    builtin-infoPlistUtility /Users/macchuzu/Library/Developer/Xcode/DerivedData/EtyNote-bknvbnxncpajuygxuromppnmndkc/Build/Intermediates.noindex/EtyNote.build/Debug-iphonesimulator/EtyNote.build/empty-EtyNote.plist -producttype com.apple.product-type.application -genpkginfo /Users/macchuzu/Library/Developer/Xcode/DerivedData/EtyNote-bknvbnxncpajuygxuromppnmndkc/Build/Products/Debug-iphonesimulator/EtyNote.app/PkgInfo -expandbuildsettings -format binary -platform iphonesimulator -o /Users/macchuzu/Library/Developer/Xcode/DerivedData/EtyNote-bknvbnxncpajuygxuromppnmndkc/Build/Products/Debug-iphonesimulator/EtyNote.app/Info.plist

SwiftDriver EtyNote normal arm64 com.apple.xcode.tools.swift.compiler (in target 'EtyNote' from project 'EtyNote')
    cd /Users/macchuzu/EtyNote
    builtin-SwiftDriver -- /Applications/Xcode.app/Contents/Developer/Toolchains/XcodeDefault.xctoolchain/usr/bin/swiftc -module-name EtyNote -Onone -enforce-exclusivity\=checked @/Users/macchuzu/Library/Developer/Xcode/DerivedData/EtyNote-bknvbnxncpajuygxuromppnmndkc/Build/Intermediates.noindex/EtyNote.build/Debug-iphonesimulator/EtyNote.build/Objects-normal/arm64/EtyNote.SwiftFileList -DDEBUG -enable-bare-slash-regex -enable-experimental-feature DebugDescriptionMacro -sdk /Applications/Xcode.app/Contents/Developer/Platforms/iPhoneSimulator.platform/Developer/SDKs/iPhoneSimulator26.0.sdk -target arm64-apple-ios17.0-simulator -g -module-cache-path /Users/macchuzu/Library/Developer/Xcode/DerivedData/ModuleCache.noindex -Xfrontend -serialize-debugging-options -enable-testing -index-store-path /Users/macchuzu/Library/Developer/Xcode/DerivedData/EtyNote-bknvbnxncpajuygxuromppnmndkc/Index.noindex/DataStore -Xcc -D_LIBCPP_HARDENING_MODE\=_LIBCPP_HARDENING_MODE_DEBUG -swift-version 5 -I /Users/macchuzu/Library/Developer/Xcode/DerivedData/EtyNote-bknvbnxncpajuygxuromppnmndkc/Build/Products/Debug-iphonesimulator -F /Users/macchuzu/Library/Developer/Xcode/DerivedData/EtyNote-bknvbnxncpajuygxuromppnmndkc/Build/Products/Debug-iphonesimulator -c -j8 -enable-batch-mode -incremental -Xcc -ivfsstatcache -Xcc /Users/macchuzu/Library/Developer/Xcode/DerivedData/SDKStatCaches.noindex/iphonesimulator26.0-23A339-26257891a6c027eb51374368541b8346.sdkstatcache -output-file-map /Users/macchuzu/Library/Developer/Xcode/DerivedData/EtyNote-bknvbnxncpajuygxuromppnmndkc/Build/Intermediates.noindex/EtyNote.build/Debug-iphonesimulator/EtyNote.build/Objects-normal/arm64/EtyNote-OutputFileMap.json -use-frontend-parseable-output -save-temps -no-color-diagnostics -explicit-module-build -module-cache-path /Users/macchuzu/Library/Developer/Xcode/DerivedData/EtyNote-bknvbnxncpajuygxuromppnmndkc/Build/Intermediates.noindex/SwiftExplicitPrecompiledModules -clang-scanner-module-cache-path /Users/macchuzu/Library/Developer/Xcode/DerivedData/ModuleCache.noindex -sdk-module-cache-path /Users/macchuzu/Library/Developer/Xcode/DerivedData/ModuleCache.noindex -serialize-diagnostics -emit-dependencies -emit-module -emit-module-path /Users/macchuzu/Library/Developer/Xcode/DerivedData/EtyNote-bknvbnxncpajuygxuromppnmndkc/Build/Intermediates.noindex/EtyNote.build/Debug-iphonesimulator/EtyNote.build/Objects-normal/arm64/EtyNote.swiftmodule -validate-clang-modules-once -clang-build-session-file /Users/macchuzu/Library/Developer/Xcode/DerivedData/ModuleCache.noindex/Session.modulevalidation -Xcc -I/Users/macchuzu/Library/Developer/Xcode/DerivedData/EtyNote-bknvbnxncpajuygxuromppnmndkc/Build/Intermediates.noindex/EtyNote.build/Debug-iphonesimulator/EtyNote.build/swift-overrides.hmap -emit-const-values -Xfrontend -const-gather-protocols-file -Xfrontend /Users/macchuzu/Library/Developer/Xcode/DerivedData/EtyNote-bknvbnxncpajuygxuromppnmndkc/Build/Intermediates.noindex/EtyNote.build/Debug-iphonesimulator/EtyNote.build/Objects-normal/arm64/EtyNote_const_extract_protocols.json -Xcc -iquote -Xcc /Users/macchuzu/Library/Developer/Xcode/DerivedData/EtyNote-bknvbnxncpajuygxuromppnmndkc/Build/Intermediates.noindex/EtyNote.build/Debug-iphonesimulator/EtyNote.build/EtyNote-generated-files.hmap -Xcc -I/Users/macchuzu/Library/Developer/Xcode/DerivedData/EtyNote-bknvbnxncpajuygxuromppnmndkc/Build/Intermediates.noindex/EtyNote.build/Debug-iphonesimulator/EtyNote.build/EtyNote-own-target-headers.hmap -Xcc -I/Users/macchuzu/Library/Developer/Xcode/DerivedData/EtyNote-bknvbnxncpajuygxuromppnmndkc/Build/Intermediates.noindex/EtyNote.build/Debug-iphonesimulator/EtyNote.build/EtyNote-all-target-headers.hmap -Xcc -iquote -Xcc /Users/macchuzu/Library/Developer/Xcode/DerivedData/EtyNote-bknvbnxncpajuygxuromppnmndkc/Build/Intermediates.noindex/EtyNote.build/Debug-iphonesimulator/EtyNote.build/EtyNote-project-headers.hmap -Xcc -I/Users/macchuzu/Library/Developer/Xcode/DerivedData/EtyNote-bknvbnxncpajuygxuromppnmndkc/Build/Products/Debug-iphonesimulator/include -Xcc -I/Users/macchuzu/Library/Developer/Xcode/DerivedData/EtyNote-bknvbnxncpajuygxuromppnmndkc/Build/Intermediates.noindex/EtyNote.build/Debug-iphonesimulator/EtyNote.build/DerivedSources-normal/arm64 -Xcc -I/Users/macchuzu/Library/Developer/Xcode/DerivedData/EtyNote-bknvbnxncpajuygxuromppnmndkc/Build/Intermediates.noindex/EtyNote.build/Debug-iphonesimulator/EtyNote.build/DerivedSources/arm64 -Xcc -I/Users/macchuzu/Library/Developer/Xcode/DerivedData/EtyNote-bknvbnxncpajuygxuromppnmndkc/Build/Intermediates.noindex/EtyNote.build/Debug-iphonesimulator/EtyNote.build/DerivedSources -Xcc -DDEBUG\=1 -emit-objc-header -emit-objc-header-path /Users/macchuzu/Library/Developer/Xcode/DerivedData/EtyNote-bknvbnxncpajuygxuromppnmndkc/Build/Intermediates.noindex/EtyNote.build/Debug-iphonesimulator/EtyNote.build/Objects-normal/arm64/EtyNote-Swift.h -working-directory /Users/macchuzu/EtyNote -experimental-emit-module-separately -disable-cmo

SwiftDriver EtyNote normal x86_64 com.apple.xcode.tools.swift.compiler (in target 'EtyNote' from project 'EtyNote')
    cd /Users/macchuzu/EtyNote
    builtin-SwiftDriver -- /Applications/Xcode.app/Contents/Developer/Toolchains/XcodeDefault.xctoolchain/usr/bin/swiftc -module-name EtyNote -Onone -enforce-exclusivity\=checked @/Users/macchuzu/Library/Developer/Xcode/DerivedData/EtyNote-bknvbnxncpajuygxuromppnmndkc/Build/Intermediates.noindex/EtyNote.build/Debug-iphonesimulator/EtyNote.build/Objects-normal/x86_64/EtyNote.SwiftFileList -DDEBUG -enable-bare-slash-regex -enable-experimental-feature DebugDescriptionMacro -sdk /Applications/Xcode.app/Contents/Developer/Platforms/iPhoneSimulator.platform/Developer/SDKs/iPhoneSimulator26.0.sdk -target x86_64-apple-ios17.0-simulator -g -module-cache-path /Users/macchuzu/Library/Developer/Xcode/DerivedData/ModuleCache.noindex -Xfrontend -serialize-debugging-options -enable-testing -index-store-path /Users/macchuzu/Library/Developer/Xcode/DerivedData/EtyNote-bknvbnxncpajuygxuromppnmndkc/Index.noindex/DataStore -Xcc -D_LIBCPP_HARDENING_MODE\=_LIBCPP_HARDENING_MODE_DEBUG -swift-version 5 -I /Users/macchuzu/Library/Developer/Xcode/DerivedData/EtyNote-bknvbnxncpajuygxuromppnmndkc/Build/Products/Debug-iphonesimulator -F /Users/macchuzu/Library/Developer/Xcode/DerivedData/EtyNote-bknvbnxncpajuygxuromppnmndkc/Build/Products/Debug-iphonesimulator -c -j8 -enable-batch-mode -incremental -Xcc -ivfsstatcache -Xcc /Users/macchuzu/Library/Developer/Xcode/DerivedData/SDKStatCaches.noindex/iphonesimulator26.0-23A339-26257891a6c027eb51374368541b8346.sdkstatcache -output-file-map /Users/macchuzu/Library/Developer/Xcode/DerivedData/EtyNote-bknvbnxncpajuygxuromppnmndkc/Build/Intermediates.noindex/EtyNote.build/Debug-iphonesimulator/EtyNote.build/Objects-normal/x86_64/EtyNote-OutputFileMap.json -use-frontend-parseable-output -save-temps -no-color-diagnostics -explicit-module-build -module-cache-path /Users/macchuzu/Library/Developer/Xcode/DerivedData/EtyNote-bknvbnxncpajuygxuromppnmndkc/Build/Intermediates.noindex/SwiftExplicitPrecompiledModules -clang-scanner-module-cache-path /Users/macchuzu/Library/Developer/Xcode/DerivedData/ModuleCache.noindex -sdk-module-cache-path /Users/macchuzu/Library/Developer/Xcode/DerivedData/ModuleCache.noindex -serialize-diagnostics -emit-dependencies -emit-module -emit-module-path /Users/macchuzu/Library/Developer/Xcode/DerivedData/EtyNote-bknvbnxncpajuygxuromppnmndkc/Build/Intermediates.noindex/EtyNote.build/Debug-iphonesimulator/EtyNote.build/Objects-normal/x86_64/EtyNote.swiftmodule -validate-clang-modules-once -clang-build-session-file /Users/macchuzu/Library/Developer/Xcode/DerivedData/ModuleCache.noindex/Session.modulevalidation -Xcc -I/Users/macchuzu/Library/Developer/Xcode/DerivedData/EtyNote-bknvbnxncpajuygxuromppnmndkc/Build/Intermediates.noindex/EtyNote.build/Debug-iphonesimulator/EtyNote.build/swift-overrides.hmap -emit-const-values -Xfrontend -const-gather-protocols-file -Xfrontend /Users/macchuzu/Library/Developer/Xcode/DerivedData/EtyNote-bknvbnxncpajuygxuromppnmndkc/Build/Intermediates.noindex/EtyNote.build/Debug-iphonesimulator/EtyNote.build/Objects-normal/x86_64/EtyNote_const_extract_protocols.json -Xcc -iquote -Xcc /Users/macchuzu/Library/Developer/Xcode/DerivedData/EtyNote-bknvbnxncpajuygxuromppnmndkc/Build/Intermediates.noindex/EtyNote.build/Debug-iphonesimulator/EtyNote.build/EtyNote-generated-files.hmap -Xcc -I/Users/macchuzu/Library/Developer/Xcode/DerivedData/EtyNote-bknvbnxncpajuygxuromppnmndkc/Build/Intermediates.noindex/EtyNote.build/Debug-iphonesimulator/EtyNote.build/EtyNote-own-target-headers.hmap -Xcc -I/Users/macchuzu/Library/Developer/Xcode/DerivedData/EtyNote-bknvbnxncpajuygxuromppnmndkc/Build/Intermediates.noindex/EtyNote.build/Debug-iphonesimulator/EtyNote.build/EtyNote-all-target-headers.hmap -Xcc -iquote -Xcc /Users/macchuzu/Library/Developer/Xcode/DerivedData/EtyNote-bknvbnxncpajuygxuromppnmndkc/Build/Intermediates.noindex/EtyNote.build/Debug-iphonesimulator/EtyNote.build/EtyNote-project-headers.hmap -Xcc -I/Users/macchuzu/Library/Developer/Xcode/DerivedData/EtyNote-bknvbnxncpajuygxuromppnmndkc/Build/Products/Debug-iphonesimulator/include -Xcc -I/Users/macchuzu/Library/Developer/Xcode/DerivedData/EtyNote-bknvbnxncpajuygxuromppnmndkc/Build/Intermediates.noindex/EtyNote.build/Debug-iphonesimulator/EtyNote.build/DerivedSources-normal/x86_64 -Xcc -I/Users/macchuzu/Library/Developer/Xcode/DerivedData/EtyNote-bknvbnxncpajuygxuromppnmndkc/Build/Intermediates.noindex/EtyNote.build/Debug-iphonesimulator/EtyNote.build/DerivedSources/x86_64 -Xcc -I/Users/macchuzu/Library/Developer/Xcode/DerivedData/EtyNote-bknvbnxncpajuygxuromppnmndkc/Build/Intermediates.noindex/EtyNote.build/Debug-iphonesimulator/EtyNote.build/DerivedSources -Xcc -DDEBUG\=1 -emit-objc-header -emit-objc-header-path /Users/macchuzu/Library/Developer/Xcode/DerivedData/EtyNote-bknvbnxncpajuygxuromppnmndkc/Build/Intermediates.noindex/EtyNote.build/Debug-iphonesimulator/EtyNote.build/Objects-normal/x86_64/EtyNote-Swift.h -working-directory /Users/macchuzu/EtyNote -experimental-emit-module-separately -disable-cmo

SwiftExplicitDependencyGeneratePcm x86_64 /Users/macchuzu/Library/Developer/Xcode/DerivedData/ModuleCache.noindex/Symbols-1FXDCKP4NXM1JP3DIVZRTMVXM.pcm

SwiftExplicitDependencyGeneratePcm x86_64 /Users/macchuzu/Library/Developer/Xcode/DerivedData/ModuleCache.noindex/CoreTransferable-C0UW5UOAHR97PI1PX7KGDAHQ5.pcm

SwiftExplicitDependencyGeneratePcm x86_64 /Users/macchuzu/Library/Developer/Xcode/DerivedData/ModuleCache.noindex/CoreData-7I1HVF0CBUK1GDUNFGZRUW30L.pcm

SwiftExplicitDependencyGeneratePcm x86_64 /Users/macchuzu/Library/Developer/Xcode/DerivedData/ModuleCache.noindex/Metal-B2LE7ACV4F339CILGC2UKKLLY.pcm

SwiftExplicitDependencyGeneratePcm x86_64 /Users/macchuzu/Library/Developer/Xcode/DerivedData/ModuleCache.noindex/Network-5MNH4LL0MIYRD0BE6XILESJIJ.pcm

SwiftCompile normal arm64 Compiling\ SettingsView.swift,\ SettingsViewModel.swift /Users/macchuzu/EtyNote/Features/Settings/SettingsView.swift /Users/macchuzu/EtyNote/Features/Settings/SettingsViewModel.swift (in target 'EtyNote' from project 'EtyNote')
SwiftCompile normal arm64 /Users/macchuzu/EtyNote/Features/Settings/SettingsView.swift (in target 'EtyNote' from project 'EtyNote')
    cd /Users/macchuzu/EtyNote
    

SwiftCompile normal arm64 /Users/macchuzu/EtyNote/Features/Settings/SettingsViewModel.swift (in target 'EtyNote' from project 'EtyNote')
    cd /Users/macchuzu/EtyNote
    

SwiftEmitModule normal arm64 Emitting\ module\ for\ EtyNote (in target 'EtyNote' from project 'EtyNote')

EmitSwiftModule normal arm64 (in target 'EtyNote' from project 'EtyNote')
    cd /Users/macchuzu/EtyNote
    

SwiftCompile normal arm64 Compiling\ EntryDetailService.swift,\ EntryPipeline.swift,\ ReviewManager.swift /Users/macchuzu/EtyNote/Core/Services/EntryDetailService.swift /Users/macchuzu/EtyNote/Core/Services/EntryPipeline.swift /Users/macchuzu/EtyNote/Core/Review/ReviewManager.swift (in target 'EtyNote' from project 'EtyNote')

SwiftCompile normal arm64 /Users/macchuzu/EtyNote/Core/Services/EntryDetailService.swift (in target 'EtyNote' from project 'EtyNote')
    cd /Users/macchuzu/EtyNote
    

SwiftCompile normal arm64 /Users/macchuzu/EtyNote/Core/Services/EntryPipeline.swift (in target 'EtyNote' from project 'EtyNote')
    cd /Users/macchuzu/EtyNote
    

SwiftCompile normal arm64 /Users/macchuzu/EtyNote/Core/Review/ReviewManager.swift (in target 'EtyNote' from project 'EtyNote')
    cd /Users/macchuzu/EtyNote
    

SwiftCompile normal arm64 Compiling\ DetailView.swift,\ DictionaryService.swift,\ EntryDeleteService.swift /Users/macchuzu/EtyNote/Features/Detail/DetailView.swift /Users/macchuzu/EtyNote/Core/Services/DictionaryService.swift /Users/macchuzu/EtyNote/Core/Services/EntryDeleteService.swift (in target 'EtyNote' from project 'EtyNote')
SwiftCompile normal arm64 /Users/macchuzu/EtyNote/Features/Detail/DetailView.swift (in target 'EtyNote' from project 'EtyNote')
    cd /Users/macchuzu/EtyNote
    

SwiftCompile normal arm64 /Users/macchuzu/EtyNote/Core/Services/DictionaryService.swift (in target 'EtyNote' from project 'EtyNote')
    cd /Users/macchuzu/EtyNote
    

SwiftCompile normal arm64 /Users/macchuzu/EtyNote/Core/Services/EntryDeleteService.swift (in target 'EtyNote' from project 'EtyNote')
    cd /Users/macchuzu/EtyNote
    

SwiftCompile normal arm64 Compiling\ RootTabView.swift,\ SearchService.swift /Users/macchuzu/EtyNote/App/RootTabView.swift /Users/macchuzu/EtyNote/Core/Services/SearchService.swift (in target 'EtyNote' from project 'EtyNote')

SwiftCompile normal arm64 /Users/macchuzu/EtyNote/App/RootTabView.swift (in target 'EtyNote' from project 'EtyNote')
    cd /Users/macchuzu/EtyNote
    

SwiftCompile normal arm64 /Users/macchuzu/EtyNote/Core/Services/SearchService.swift (in target 'EtyNote' from project 'EtyNote')
    cd /Users/macchuzu/EtyNote
    

SwiftCompile normal arm64 Compiling\ ReviewNotificationService.swift,\ ReviewSettingsService.swift /Users/macchuzu/EtyNote/Core/Review/ReviewNotificationService.swift /Users/macchuzu/EtyNote/Core/Review/ReviewSettingsService.swift (in target 'EtyNote' from project 'EtyNote')

SwiftCompile normal arm64 /Users/macchuzu/EtyNote/Core/Review/ReviewNotificationService.swift (in target 'EtyNote' from project 'EtyNote')
    cd /Users/macchuzu/EtyNote
    

SwiftCompile normal arm64 /Users/macchuzu/EtyNote/Core/Review/ReviewSettingsService.swift (in target 'EtyNote' from project 'EtyNote')
    cd /Users/macchuzu/EtyNote
    

SwiftCompile normal arm64 Compiling\ UsageExample.swift,\ WordEntry.swift /Users/macchuzu/EtyNote/Core/Services/UsageExample.swift /Users/macchuzu/EtyNote/Core/Models/WordEntry.swift (in target 'EtyNote' from project 'EtyNote')

SwiftCompile normal arm64 /Users/macchuzu/EtyNote/Core/Services/UsageExample.swift (in target 'EtyNote' from project 'EtyNote')
    cd /Users/macchuzu/EtyNote
    

SwiftCompile normal arm64 /Users/macchuzu/EtyNote/Core/Models/WordEntry.swift (in target 'EtyNote' from project 'EtyNote')
    cd /Users/macchuzu/EtyNote
    

SwiftCompile normal arm64 Compiling\ ReviewView.swift,\ ReviewViewModel.swift /Users/macchuzu/EtyNote/Features/Review/ReviewView.swift /Users/macchuzu/EtyNote/Features/Review/ReviewViewModel.swift (in target 'EtyNote' from project 'EtyNote')
SwiftCompile normal arm64 /Users/macchuzu/EtyNote/Features/Review/ReviewView.swift (in target 'EtyNote' from project 'EtyNote')
    cd /Users/macchuzu/EtyNote
    

SwiftCompile normal arm64 /Users/macchuzu/EtyNote/Features/Review/ReviewViewModel.swift (in target 'EtyNote' from project 'EtyNote')
    cd /Users/macchuzu/EtyNote
    

SwiftExplicitDependencyGeneratePcm x86_64 /Users/macchuzu/Library/Developer/Xcode/DerivedData/ModuleCache.noindex/CoreVideo-1372447XX44I367NEY159ZRDI.pcm

SwiftDriverJobDiscovery normal arm64 Compiling RootTabView.swift, SearchService.swift (in target 'EtyNote' from project 'EtyNote')

SwiftCompile normal arm64 Compiling\ SearchView.swift,\ SearchViewModel.swift /Users/macchuzu/EtyNote/Features/Search/SearchView.swift /Users/macchuzu/EtyNote/Features/Search/SearchViewModel.swift (in target 'EtyNote' from project 'EtyNote')
SwiftCompile normal arm64 /Users/macchuzu/EtyNote/Features/Search/SearchView.swift (in target 'EtyNote' from project 'EtyNote')
    cd /Users/macchuzu/EtyNote
    

SwiftCompile normal arm64 /Users/macchuzu/EtyNote/Features/Search/SearchViewModel.swift (in target 'EtyNote' from project 'EtyNote')
    cd /Users/macchuzu/EtyNote
    

SwiftDriverJobDiscovery normal arm64 Emitting module for EtyNote (in target 'EtyNote' from project 'EtyNote')

SwiftDriver\ Compilation\ Requirements EtyNote normal arm64 com.apple.xcode.tools.swift.compiler (in target 'EtyNote' from project 'EtyNote')
    cd /Users/macchuzu/EtyNote
    builtin-Swift-Compilation-Requirements -- /Applications/Xcode.app/Contents/Developer/Toolchains/XcodeDefault.xctoolchain/usr/bin/swiftc -module-name EtyNote -Onone -enforce-exclusivity\=checked @/Users/macchuzu/Library/Developer/Xcode/DerivedData/EtyNote-bknvbnxncpajuygxuromppnmndkc/Build/Intermediates.noindex/EtyNote.build/Debug-iphonesimulator/EtyNote.build/Objects-normal/arm64/EtyNote.SwiftFileList -DDEBUG -enable-bare-slash-regex -enable-experimental-feature DebugDescriptionMacro -sdk /Applications/Xcode.app/Contents/Developer/Platforms/iPhoneSimulator.platform/Developer/SDKs/iPhoneSimulator26.0.sdk -target arm64-apple-ios17.0-simulator -g -module-cache-path /Users/macchuzu/Library/Developer/Xcode/DerivedData/ModuleCache.noindex -Xfrontend -serialize-debugging-options -enable-testing -index-store-path /Users/macchuzu/Library/Developer/Xcode/DerivedData/EtyNote-bknvbnxncpajuygxuromppnmndkc/Index.noindex/DataStore -Xcc -D_LIBCPP_HARDENING_MODE\=_LIBCPP_HARDENING_MODE_DEBUG -swift-version 5 -I /Users/macchuzu/Library/Developer/Xcode/DerivedData/EtyNote-bknvbnxncpajuygxuromppnmndkc/Build/Products/Debug-iphonesimulator -F /Users/macchuzu/Library/Developer/Xcode/DerivedData/EtyNote-bknvbnxncpajuygxuromppnmndkc/Build/Products/Debug-iphonesimulator -c -j8 -enable-batch-mode -incremental -Xcc -ivfsstatcache -Xcc /Users/macchuzu/Library/Developer/Xcode/DerivedData/SDKStatCaches.noindex/iphonesimulator26.0-23A339-26257891a6c027eb51374368541b8346.sdkstatcache -output-file-map /Users/macchuzu/Library/Developer/Xcode/DerivedData/EtyNote-bknvbnxncpajuygxuromppnmndkc/Build/Intermediates.noindex/EtyNote.build/Debug-iphonesimulator/EtyNote.build/Objects-normal/arm64/EtyNote-OutputFileMap.json -use-frontend-parseable-output -save-temps -no-color-diagnostics -explicit-module-build -module-cache-path /Users/macchuzu/Library/Developer/Xcode/DerivedData/EtyNote-bknvbnxncpajuygxuromppnmndkc/Build/Intermediates.noindex/SwiftExplicitPrecompiledModules -clang-scanner-module-cache-path /Users/macchuzu/Library/Developer/Xcode/DerivedData/ModuleCache.noindex -sdk-module-cache-path /Users/macchuzu/Library/Developer/Xcode/DerivedData/ModuleCache.noindex -serialize-diagnostics -emit-dependencies -emit-module -emit-module-path /Users/macchuzu/Library/Developer/Xcode/DerivedData/EtyNote-bknvbnxncpajuygxuromppnmndkc/Build/Intermediates.noindex/EtyNote.build/Debug-iphonesimulator/EtyNote.build/Objects-normal/arm64/EtyNote.swiftmodule -validate-clang-modules-once -clang-build-session-file /Users/macchuzu/Library/Developer/Xcode/DerivedData/ModuleCache.noindex/Session.modulevalidation -Xcc -I/Users/macchuzu/Library/Developer/Xcode/DerivedData/EtyNote-bknvbnxncpajuygxuromppnmndkc/Build/Intermediates.noindex/EtyNote.build/Debug-iphonesimulator/EtyNote.build/swift-overrides.hmap -emit-const-values -Xfrontend -const-gather-protocols-file -Xfrontend /Users/macchuzu/Library/Developer/Xcode/DerivedData/EtyNote-bknvbnxncpajuygxuromppnmndkc/Build/Intermediates.noindex/EtyNote.build/Debug-iphonesimulator/EtyNote.build/Objects-normal/arm64/EtyNote_const_extract_protocols.json -Xcc -iquote -Xcc /Users/macchuzu/Library/Developer/Xcode/DerivedData/EtyNote-bknvbnxncpajuygxuromppnmndkc/Build/Intermediates.noindex/EtyNote.build/Debug-iphonesimulator/EtyNote.build/EtyNote-generated-files.hmap -Xcc -I/Users/macchuzu/Library/Developer/Xcode/DerivedData/EtyNote-bknvbnxncpajuygxuromppnmndkc/Build/Intermediates.noindex/EtyNote.build/Debug-iphonesimulator/EtyNote.build/EtyNote-own-target-headers.hmap -Xcc -I/Users/macchuzu/Library/Developer/Xcode/DerivedData/EtyNote-bknvbnxncpajuygxuromppnmndkc/Build/Intermediates.noindex/EtyNote.build/Debug-iphonesimulator/EtyNote.build/EtyNote-all-target-headers.hmap -Xcc -iquote -Xcc /Users/macchuzu/Library/Developer/Xcode/DerivedData/EtyNote-bknvbnxncpajuygxuromppnmndkc/Build/Intermediates.noindex/EtyNote.build/Debug-iphonesimulator/EtyNote.build/EtyNote-project-headers.hmap -Xcc -I/Users/macchuzu/Library/Developer/Xcode/DerivedData/EtyNote-bknvbnxncpajuygxuromppnmndkc/Build/Products/Debug-iphonesimulator/include -Xcc -I/Users/macchuzu/Library/Developer/Xcode/DerivedData/EtyNote-bknvbnxncpajuygxuromppnmndkc/Build/Intermediates.noindex/EtyNote.build/Debug-iphonesimulator/EtyNote.build/DerivedSources-normal/arm64 -Xcc -I/Users/macchuzu/Library/Developer/Xcode/DerivedData/EtyNote-bknvbnxncpajuygxuromppnmndkc/Build/Intermediates.noindex/EtyNote.build/Debug-iphonesimulator/EtyNote.build/DerivedSources/arm64 -Xcc -I/Users/macchuzu/Library/Developer/Xcode/DerivedData/EtyNote-bknvbnxncpajuygxuromppnmndkc/Build/Intermediates.noindex/EtyNote.build/Debug-iphonesimulator/EtyNote.build/DerivedSources -Xcc -DDEBUG\=1 -emit-objc-header -emit-objc-header-path /Users/macchuzu/Library/Developer/Xcode/DerivedData/EtyNote-bknvbnxncpajuygxuromppnmndkc/Build/Intermediates.noindex/EtyNote.build/Debug-iphonesimulator/EtyNote.build/Objects-normal/arm64/EtyNote-Swift.h -working-directory /Users/macchuzu/EtyNote -experimental-emit-module-separately -disable-cmo

SwiftDriverJobDiscovery normal arm64 Compiling UsageExample.swift, WordEntry.swift (in target 'EtyNote' from project 'EtyNote')

SwiftCompile normal arm64 Compiling\ EtyNoteApp.swift /Users/macchuzu/EtyNote/App/EtyNoteApp.swift (in target 'EtyNote' from project 'EtyNote')

SwiftCompile normal arm64 /Users/macchuzu/EtyNote/App/EtyNoteApp.swift (in target 'EtyNote' from project 'EtyNote')
    cd /Users/macchuzu/EtyNote
    

Copy /Users/macchuzu/Library/Developer/Xcode/DerivedData/EtyNote-bknvbnxncpajuygxuromppnmndkc/Build/Products/Debug-iphonesimulator/EtyNote.swiftmodule/arm64-apple-ios-simulator.swiftmodule /Users/macchuzu/Library/Developer/Xcode/DerivedData/EtyNote-bknvbnxncpajuygxuromppnmndkc/Build/Intermediates.noindex/EtyNote.build/Debug-iphonesimulator/EtyNote.build/Objects-normal/arm64/EtyNote.swiftmodule (in target 'EtyNote' from project 'EtyNote')
    cd /Users/macchuzu/EtyNote
    builtin-copy -exclude .DS_Store -exclude CVS -exclude .svn -exclude .git -exclude .hg -resolve-src-symlinks -rename /Users/macchuzu/Library/Developer/Xcode/DerivedData/EtyNote-bknvbnxncpajuygxuromppnmndkc/Build/Intermediates.noindex/EtyNote.build/Debug-iphonesimulator/EtyNote.build/Objects-normal/arm64/EtyNote.swiftmodule /Users/macchuzu/Library/Developer/Xcode/DerivedData/EtyNote-bknvbnxncpajuygxuromppnmndkc/Build/Products/Debug-iphonesimulator/EtyNote.swiftmodule/arm64-apple-ios-simulator.swiftmodule

SwiftDriverJobDiscovery normal arm64 Compiling EntryDetailService.swift, EntryPipeline.swift, ReviewManager.swift (in target 'EtyNote' from project 'EtyNote')

Copy /Users/macchuzu/Library/Developer/Xcode/DerivedData/EtyNote-bknvbnxncpajuygxuromppnmndkc/Build/Products/Debug-iphonesimulator/EtyNote.swiftmodule/arm64-apple-ios-simulator.abi.json /Users/macchuzu/Library/Developer/Xcode/DerivedData/EtyNote-bknvbnxncpajuygxuromppnmndkc/Build/Intermediates.noindex/EtyNote.build/Debug-iphonesimulator/EtyNote.build/Objects-normal/arm64/EtyNote.abi.json (in target 'EtyNote' from project 'EtyNote')
    cd /Users/macchuzu/EtyNote
    builtin-copy -exclude .DS_Store -exclude CVS -exclude .svn -exclude .git -exclude .hg -resolve-src-symlinks -rename /Users/macchuzu/Library/Developer/Xcode/DerivedData/EtyNote-bknvbnxncpajuygxuromppnmndkc/Build/Intermediates.noindex/EtyNote.build/Debug-iphonesimulator/EtyNote.build/Objects-normal/arm64/EtyNote.abi.json /Users/macchuzu/Library/Developer/Xcode/DerivedData/EtyNote-bknvbnxncpajuygxuromppnmndkc/Build/Products/Debug-iphonesimulator/EtyNote.swiftmodule/arm64-apple-ios-simulator.abi.json

Copy /Users/macchuzu/Library/Developer/Xcode/DerivedData/EtyNote-bknvbnxncpajuygxuromppnmndkc/Build/Products/Debug-iphonesimulator/EtyNote.swiftmodule/Project/arm64-apple-ios-simulator.swiftsourceinfo /Users/macchuzu/Library/Developer/Xcode/DerivedData/EtyNote-bknvbnxncpajuygxuromppnmndkc/Build/Intermediates.noindex/EtyNote.build/Debug-iphonesimulator/EtyNote.build/Objects-normal/arm64/EtyNote.swiftsourceinfo (in target 'EtyNote' from project 'EtyNote')
    cd /Users/macchuzu/EtyNote
    builtin-copy -exclude .DS_Store -exclude CVS -exclude .svn -exclude .git -exclude .hg -resolve-src-symlinks -rename /Users/macchuzu/Library/Developer/Xcode/DerivedData/EtyNote-bknvbnxncpajuygxuromppnmndkc/Build/Intermediates.noindex/EtyNote.build/Debug-iphonesimulator/EtyNote.build/Objects-normal/arm64/EtyNote.swiftsourceinfo /Users/macchuzu/Library/Developer/Xcode/DerivedData/EtyNote-bknvbnxncpajuygxuromppnmndkc/Build/Products/Debug-iphonesimulator/EtyNote.swiftmodule/Project/arm64-apple-ios-simulator.swiftsourceinfo

SwiftCompile normal arm64 Compiling\ MarkdownService.swift /Users/macchuzu/EtyNote/Core/Services/MarkdownService.swift (in target 'EtyNote' from project 'EtyNote')

SwiftCompile normal arm64 /Users/macchuzu/EtyNote/Core/Services/MarkdownService.swift (in target 'EtyNote' from project 'EtyNote')
    cd /Users/macchuzu/EtyNote
    

SwiftCompile normal arm64 Compiling\ DailyReviewService.swift /Users/macchuzu/EtyNote/Core/Review/DailyReviewService.swift (in target 'EtyNote' from project 'EtyNote')

SwiftCompile normal arm64 /Users/macchuzu/EtyNote/Core/Review/DailyReviewService.swift (in target 'EtyNote' from project 'EtyNote')
    cd /Users/macchuzu/EtyNote
    

SwiftExplicitDependencyGeneratePcm x86_64 /Users/macchuzu/Library/Developer/Xcode/DerivedData/ModuleCache.noindex/CoreImage-162FQV4G8I6NCWER6B9WV3R17.pcm

SwiftDriverJobDiscovery normal arm64 Compiling SettingsView.swift, SettingsViewModel.swift (in target 'EtyNote' from project 'EtyNote')

SwiftExplicitDependencyGeneratePcm x86_64 /Users/macchuzu/Library/Developer/Xcode/DerivedData/ModuleCache.noindex/QuartzCore-59NL9S75SUG0X76EQIGSR2ID6.pcm

SwiftDriverJobDiscovery normal arm64 Compiling ReviewNotificationService.swift, ReviewSettingsService.swift (in target 'EtyNote' from project 'EtyNote')

SwiftCompile normal arm64 Compiling\ EntrySaveService.swift /Users/macchuzu/EtyNote/Core/Services/EntrySaveService.swift (in target 'EtyNote' from project 'EtyNote')

SwiftCompile normal arm64 /Users/macchuzu/EtyNote/Core/Services/EntrySaveService.swift (in target 'EtyNote' from project 'EtyNote')
    cd /Users/macchuzu/EtyNote
    

SwiftDriverJobDiscovery normal arm64 Compiling EtyNoteApp.swift (in target 'EtyNote' from project 'EtyNote')

SwiftCompile normal arm64 Compiling\ JSONValidator.swift /Users/macchuzu/EtyNote/Core/Validation/JSONValidator.swift (in target 'EtyNote' from project 'EtyNote')
SwiftCompile normal arm64 /Users/macchuzu/EtyNote/Core/Validation/JSONValidator.swift (in target 'EtyNote' from project 'EtyNote')
    cd /Users/macchuzu/EtyNote
    

SwiftDriverJobDiscovery normal arm64 Compiling DetailView.swift, DictionaryService.swift, EntryDeleteService.swift (in target 'EtyNote' from project 'EtyNote')

SwiftCompile normal arm64 Compiling\ ErrorMessageService.swift /Users/macchuzu/EtyNote/Core/Services/ErrorMessageService.swift (in target 'EtyNote' from project 'EtyNote')

SwiftCompile normal arm64 /Users/macchuzu/EtyNote/Core/Services/ErrorMessageService.swift (in target 'EtyNote' from project 'EtyNote')
    cd /Users/macchuzu/EtyNote
    

SwiftDriverJobDiscovery normal arm64 Compiling ReviewView.swift, ReviewViewModel.swift (in target 'EtyNote' from project 'EtyNote')

SwiftCompile normal arm64 Compiling\ AIPipelineService.swift /Users/macchuzu/EtyNote/Core/Services/AIPipelineService.swift (in target 'EtyNote' from project 'EtyNote')
SwiftCompile normal arm64 /Users/macchuzu/EtyNote/Core/Services/AIPipelineService.swift (in target 'EtyNote' from project 'EtyNote')
    cd /Users/macchuzu/EtyNote
    

SwiftDriverJobDiscovery normal arm64 Compiling MarkdownService.swift (in target 'EtyNote' from project 'EtyNote')

SwiftCompile normal arm64 Compiling\ DeleteFlowService.swift /Users/macchuzu/EtyNote/Core/Services/DeleteFlowService.swift (in target 'EtyNote' from project 'EtyNote')

SwiftCompile normal arm64 /Users/macchuzu/EtyNote/Core/Services/DeleteFlowService.swift (in target 'EtyNote' from project 'EtyNote')
    cd /Users/macchuzu/EtyNote
    

SwiftDriverJobDiscovery normal arm64 Compiling DailyReviewService.swift (in target 'EtyNote' from project 'EtyNote')

SwiftExplicitDependencyGeneratePcm x86_64 /Users/macchuzu/Library/Developer/Xcode/DerivedData/ModuleCache.noindex/SwiftUICore-99BOOZRJUZVVGI437FV0ZXP11.pcm

SwiftExplicitDependencyGeneratePcm x86_64 /Users/macchuzu/Library/Developer/Xcode/DerivedData/ModuleCache.noindex/UIKit-87VZ9I4N9N43OXZDUF3M4SIKL.pcm

SwiftDriverJobDiscovery normal arm64 Compiling EntrySaveService.swift (in target 'EtyNote' from project 'EtyNote')

SwiftDriverJobDiscovery normal arm64 Compiling SearchView.swift, SearchViewModel.swift (in target 'EtyNote' from project 'EtyNote')

SwiftDriverJobDiscovery normal arm64 Compiling ErrorMessageService.swift (in target 'EtyNote' from project 'EtyNote')

SwiftDriverJobDiscovery normal arm64 Compiling DeleteFlowService.swift (in target 'EtyNote' from project 'EtyNote')

SwiftDriverJobDiscovery normal arm64 Compiling JSONValidator.swift (in target 'EtyNote' from project 'EtyNote')

SwiftDriverJobDiscovery normal arm64 Compiling AIPipelineService.swift (in target 'EtyNote' from project 'EtyNote')

SwiftDriver\ Compilation EtyNote normal arm64 com.apple.xcode.tools.swift.compiler (in target 'EtyNote' from project 'EtyNote')
    cd /Users/macchuzu/EtyNote
    builtin-Swift-Compilation -- /Applications/Xcode.app/Contents/Developer/Toolchains/XcodeDefault.xctoolchain/usr/bin/swiftc -module-name EtyNote -Onone -enforce-exclusivity\=checked @/Users/macchuzu/Library/Developer/Xcode/DerivedData/EtyNote-bknvbnxncpajuygxuromppnmndkc/Build/Intermediates.noindex/EtyNote.build/Debug-iphonesimulator/EtyNote.build/Objects-normal/arm64/EtyNote.SwiftFileList -DDEBUG -enable-bare-slash-regex -enable-experimental-feature DebugDescriptionMacro -sdk /Applications/Xcode.app/Contents/Developer/Platforms/iPhoneSimulator.platform/Developer/SDKs/iPhoneSimulator26.0.sdk -target arm64-apple-ios17.0-simulator -g -module-cache-path /Users/macchuzu/Library/Developer/Xcode/DerivedData/ModuleCache.noindex -Xfrontend -serialize-debugging-options -enable-testing -index-store-path /Users/macchuzu/Library/Developer/Xcode/DerivedData/EtyNote-bknvbnxncpajuygxuromppnmndkc/Index.noindex/DataStore -Xcc -D_LIBCPP_HARDENING_MODE\=_LIBCPP_HARDENING_MODE_DEBUG -swift-version 5 -I /Users/macchuzu/Library/Developer/Xcode/DerivedData/EtyNote-bknvbnxncpajuygxuromppnmndkc/Build/Products/Debug-iphonesimulator -F /Users/macchuzu/Library/Developer/Xcode/DerivedData/EtyNote-bknvbnxncpajuygxuromppnmndkc/Build/Products/Debug-iphonesimulator -c -j8 -enable-batch-mode -incremental -Xcc -ivfsstatcache -Xcc /Users/macchuzu/Library/Developer/Xcode/DerivedData/SDKStatCaches.noindex/iphonesimulator26.0-23A339-26257891a6c027eb51374368541b8346.sdkstatcache -output-file-map /Users/macchuzu/Library/Developer/Xcode/DerivedData/EtyNote-bknvbnxncpajuygxuromppnmndkc/Build/Intermediates.noindex/EtyNote.build/Debug-iphonesimulator/EtyNote.build/Objects-normal/arm64/EtyNote-OutputFileMap.json -use-frontend-parseable-output -save-temps -no-color-diagnostics -explicit-module-build -module-cache-path /Users/macchuzu/Library/Developer/Xcode/DerivedData/EtyNote-bknvbnxncpajuygxuromppnmndkc/Build/Intermediates.noindex/SwiftExplicitPrecompiledModules -clang-scanner-module-cache-path /Users/macchuzu/Library/Developer/Xcode/DerivedData/ModuleCache.noindex -sdk-module-cache-path /Users/macchuzu/Library/Developer/Xcode/DerivedData/ModuleCache.noindex -serialize-diagnostics -emit-dependencies -emit-module -emit-module-path /Users/macchuzu/Library/Developer/Xcode/DerivedData/EtyNote-bknvbnxncpajuygxuromppnmndkc/Build/Intermediates.noindex/EtyNote.build/Debug-iphonesimulator/EtyNote.build/Objects-normal/arm64/EtyNote.swiftmodule -validate-clang-modules-once -clang-build-session-file /Users/macchuzu/Library/Developer/Xcode/DerivedData/ModuleCache.noindex/Session.modulevalidation -Xcc -I/Users/macchuzu/Library/Developer/Xcode/DerivedData/EtyNote-bknvbnxncpajuygxuromppnmndkc/Build/Intermediates.noindex/EtyNote.build/Debug-iphonesimulator/EtyNote.build/swift-overrides.hmap -emit-const-values -Xfrontend -const-gather-protocols-file -Xfrontend /Users/macchuzu/Library/Developer/Xcode/DerivedData/EtyNote-bknvbnxncpajuygxuromppnmndkc/Build/Intermediates.noindex/EtyNote.build/Debug-iphonesimulator/EtyNote.build/Objects-normal/arm64/EtyNote_const_extract_protocols.json -Xcc -iquote -Xcc /Users/macchuzu/Library/Developer/Xcode/DerivedData/EtyNote-bknvbnxncpajuygxuromppnmndkc/Build/Intermediates.noindex/EtyNote.build/Debug-iphonesimulator/EtyNote.build/EtyNote-generated-files.hmap -Xcc -I/Users/macchuzu/Library/Developer/Xcode/DerivedData/EtyNote-bknvbnxncpajuygxuromppnmndkc/Build/Intermediates.noindex/EtyNote.build/Debug-iphonesimulator/EtyNote.build/EtyNote-own-target-headers.hmap -Xcc -I/Users/macchuzu/Library/Developer/Xcode/DerivedData/EtyNote-bknvbnxncpajuygxuromppnmndkc/Build/Intermediates.noindex/EtyNote.build/Debug-iphonesimulator/EtyNote.build/EtyNote-all-target-headers.hmap -Xcc -iquote -Xcc /Users/macchuzu/Library/Developer/Xcode/DerivedData/EtyNote-bknvbnxncpajuygxuromppnmndkc/Build/Intermediates.noindex/EtyNote.build/Debug-iphonesimulator/EtyNote.build/EtyNote-project-headers.hmap -Xcc -I/Users/macchuzu/Library/Developer/Xcode/DerivedData/EtyNote-bknvbnxncpajuygxuromppnmndkc/Build/Products/Debug-iphonesimulator/include -Xcc -I/Users/macchuzu/Library/Developer/Xcode/DerivedData/EtyNote-bknvbnxncpajuygxuromppnmndkc/Build/Intermediates.noindex/EtyNote.build/Debug-iphonesimulator/EtyNote.build/DerivedSources-normal/arm64 -Xcc -I/Users/macchuzu/Library/Developer/Xcode/DerivedData/EtyNote-bknvbnxncpajuygxuromppnmndkc/Build/Intermediates.noindex/EtyNote.build/Debug-iphonesimulator/EtyNote.build/DerivedSources/arm64 -Xcc -I/Users/macchuzu/Library/Developer/Xcode/DerivedData/EtyNote-bknvbnxncpajuygxuromppnmndkc/Build/Intermediates.noindex/EtyNote.build/Debug-iphonesimulator/EtyNote.build/DerivedSources -Xcc -DDEBUG\=1 -emit-objc-header -emit-objc-header-path /Users/macchuzu/Library/Developer/Xcode/DerivedData/EtyNote-bknvbnxncpajuygxuromppnmndkc/Build/Intermediates.noindex/EtyNote.build/Debug-iphonesimulator/EtyNote.build/Objects-normal/arm64/EtyNote-Swift.h -working-directory /Users/macchuzu/EtyNote -experimental-emit-module-separately -disable-cmo

SwiftExplicitDependencyGeneratePcm x86_64 /Users/macchuzu/Library/Developer/Xcode/DerivedData/ModuleCache.noindex/SwiftUI-2SVYU6J0UH3YOAGV6RDNGEG9D.pcm

SwiftEmitModule normal x86_64 Emitting\ module\ for\ EtyNote (in target 'EtyNote' from project 'EtyNote')

EmitSwiftModule normal x86_64 (in target 'EtyNote' from project 'EtyNote')
    cd /Users/macchuzu/EtyNote
    

SwiftCompile normal x86_64 Compiling\ EntrySaveService.swift,\ ErrorMessageService.swift,\ EtyNoteApp.swift,\ FileService.swift,\ HomeView.swift /Users/macchuzu/EtyNote/Core/Services/EntrySaveService.swift /Users/macchuzu/EtyNote/Core/Services/ErrorMessageService.swift /Users/macchuzu/EtyNote/App/EtyNoteApp.swift /Users/macchuzu/EtyNote/Core/Services/FileService.swift /Users/macchuzu/EtyNote/Features/Home/HomeView.swift (in target 'EtyNote' from project 'EtyNote')
SwiftCompile normal x86_64 /Users/macchuzu/EtyNote/Core/Services/EntrySaveService.swift (in target 'EtyNote' from project 'EtyNote')
    cd /Users/macchuzu/EtyNote
    

SwiftCompile normal x86_64 /Users/macchuzu/EtyNote/Core/Services/ErrorMessageService.swift (in target 'EtyNote' from project 'EtyNote')
    cd /Users/macchuzu/EtyNote
    

SwiftCompile normal x86_64 /Users/macchuzu/EtyNote/App/EtyNoteApp.swift (in target 'EtyNote' from project 'EtyNote')
    cd /Users/macchuzu/EtyNote
    

SwiftCompile normal x86_64 /Users/macchuzu/EtyNote/Core/Services/FileService.swift (in target 'EtyNote' from project 'EtyNote')
    cd /Users/macchuzu/EtyNote
    

SwiftCompile normal x86_64 /Users/macchuzu/EtyNote/Features/Home/HomeView.swift (in target 'EtyNote' from project 'EtyNote')
    cd /Users/macchuzu/EtyNote
    

SwiftCompile normal x86_64 Compiling\ RootTabView.swift,\ SearchService.swift,\ SearchView.swift,\ SearchViewModel.swift /Users/macchuzu/EtyNote/App/RootTabView.swift /Users/macchuzu/EtyNote/Core/Services/SearchService.swift /Users/macchuzu/EtyNote/Features/Search/SearchView.swift /Users/macchuzu/EtyNote/Features/Search/SearchViewModel.swift (in target 'EtyNote' from project 'EtyNote')

SwiftCompile normal x86_64 /Users/macchuzu/EtyNote/App/RootTabView.swift (in target 'EtyNote' from project 'EtyNote')
    cd /Users/macchuzu/EtyNote
    

SwiftCompile normal x86_64 /Users/macchuzu/EtyNote/Core/Services/SearchService.swift (in target 'EtyNote' from project 'EtyNote')
    cd /Users/macchuzu/EtyNote
    

SwiftCompile normal x86_64 /Users/macchuzu/EtyNote/Features/Search/SearchView.swift (in target 'EtyNote' from project 'EtyNote')
    cd /Users/macchuzu/EtyNote
    

SwiftCompile normal x86_64 /Users/macchuzu/EtyNote/Features/Search/SearchViewModel.swift (in target 'EtyNote' from project 'EtyNote')
    cd /Users/macchuzu/EtyNote
    

SwiftCompile normal x86_64 Compiling\ DetailView.swift,\ DictionaryService.swift,\ EntryDeleteService.swift,\ EntryDetailService.swift,\ EntryPipeline.swift /Users/macchuzu/EtyNote/Features/Detail/DetailView.swift /Users/macchuzu/EtyNote/Core/Services/DictionaryService.swift /Users/macchuzu/EtyNote/Core/Services/EntryDeleteService.swift /Users/macchuzu/EtyNote/Core/Services/EntryDetailService.swift /Users/macchuzu/EtyNote/Core/Services/EntryPipeline.swift (in target 'EtyNote' from project 'EtyNote')

SwiftCompile normal x86_64 /Users/macchuzu/EtyNote/Features/Detail/DetailView.swift (in target 'EtyNote' from project 'EtyNote')
    cd /Users/macchuzu/EtyNote
    

SwiftCompile normal x86_64 /Users/macchuzu/EtyNote/Core/Services/DictionaryService.swift (in target 'EtyNote' from project 'EtyNote')
    cd /Users/macchuzu/EtyNote
    

SwiftCompile normal x86_64 /Users/macchuzu/EtyNote/Core/Services/EntryDeleteService.swift (in target 'EtyNote' from project 'EtyNote')
    cd /Users/macchuzu/EtyNote
    

SwiftCompile normal x86_64 /Users/macchuzu/EtyNote/Core/Services/EntryDetailService.swift (in target 'EtyNote' from project 'EtyNote')
    cd /Users/macchuzu/EtyNote
    

SwiftCompile normal x86_64 /Users/macchuzu/EtyNote/Core/Services/EntryPipeline.swift (in target 'EtyNote' from project 'EtyNote')
    cd /Users/macchuzu/EtyNote
    

SwiftCompile normal x86_64 Compiling\ SettingsView.swift,\ SettingsViewModel.swift,\ UsageExample.swift,\ WordEntry.swift /Users/macchuzu/EtyNote/Features/Settings/SettingsView.swift /Users/macchuzu/EtyNote/Features/Settings/SettingsViewModel.swift /Users/macchuzu/EtyNote/Core/Services/UsageExample.swift /Users/macchuzu/EtyNote/Core/Models/WordEntry.swift (in target 'EtyNote' from project 'EtyNote')

SwiftCompile normal x86_64 /Users/macchuzu/EtyNote/Features/Settings/SettingsView.swift (in target 'EtyNote' from project 'EtyNote')
    cd /Users/macchuzu/EtyNote
    

SwiftCompile normal x86_64 /Users/macchuzu/EtyNote/Features/Settings/SettingsViewModel.swift (in target 'EtyNote' from project 'EtyNote')
    cd /Users/macchuzu/EtyNote
    

SwiftCompile normal x86_64 /Users/macchuzu/EtyNote/Core/Services/UsageExample.swift (in target 'EtyNote' from project 'EtyNote')
    cd /Users/macchuzu/EtyNote
    

SwiftCompile normal x86_64 /Users/macchuzu/EtyNote/Core/Models/WordEntry.swift (in target 'EtyNote' from project 'EtyNote')
    cd /Users/macchuzu/EtyNote
    

SwiftCompile normal x86_64 Compiling\ MarkdownStoreService.swift,\ MarkdownTransferService.swift,\ Morphology.swift,\ NetworkService.swift,\ PromptBuilder.swift /Users/macchuzu/EtyNote/Core/Services/MarkdownStoreService.swift /Users/macchuzu/EtyNote/Core/Services/MarkdownTransferService.swift /Users/macchuzu/EtyNote/Core/Models/Morphology.swift /Users/macchuzu/EtyNote/Core/Services/NetworkService.swift /Users/macchuzu/EtyNote/Core/Services/PromptBuilder.swift (in target 'EtyNote' from project 'EtyNote')

SwiftCompile normal x86_64 /Users/macchuzu/EtyNote/Core/Services/MarkdownStoreService.swift (in target 'EtyNote' from project 'EtyNote')
    cd /Users/macchuzu/EtyNote
    
/Users/macchuzu/EtyNote/Core/Services/NetworkService.swift:20:18: warning: concurrently-executed local function 'finish' must be marked as '@Sendable'; this is an error in the Swift 6 language mode
            func finish(_ value: Bool) {
                 ^
            @Sendable 

SwiftCompile normal x86_64 /Users/macchuzu/EtyNote/Core/Services/MarkdownTransferService.swift (in target 'EtyNote' from project 'EtyNote')
    cd /Users/macchuzu/EtyNote
    
/Users/macchuzu/EtyNote/Core/Services/NetworkService.swift:20:18: warning: concurrently-executed local function 'finish' must be marked as '@Sendable'; this is an error in the Swift 6 language mode
            func finish(_ value: Bool) {
                 ^
            @Sendable 

SwiftCompile normal x86_64 /Users/macchuzu/EtyNote/Core/Models/Morphology.swift (in target 'EtyNote' from project 'EtyNote')
    cd /Users/macchuzu/EtyNote
    
/Users/macchuzu/EtyNote/Core/Services/NetworkService.swift:20:18: warning: concurrently-executed local function 'finish' must be marked as '@Sendable'; this is an error in the Swift 6 language mode
            func finish(_ value: Bool) {
                 ^
            @Sendable 

SwiftCompile normal x86_64 /Users/macchuzu/EtyNote/Core/Services/NetworkService.swift (in target 'EtyNote' from project 'EtyNote')
    cd /Users/macchuzu/EtyNote
    
/Users/macchuzu/EtyNote/Core/Services/NetworkService.swift:20:18: warning: concurrently-executed local function 'finish' must be marked as '@Sendable'; this is an error in the Swift 6 language mode
            func finish(_ value: Bool) {
                 ^
            @Sendable 

SwiftCompile normal x86_64 /Users/macchuzu/EtyNote/Core/Services/PromptBuilder.swift (in target 'EtyNote' from project 'EtyNote')
    cd /Users/macchuzu/EtyNote
    
/Users/macchuzu/EtyNote/Core/Services/NetworkService.swift:20:18: warning: concurrently-executed local function 'finish' must be marked as '@Sendable'; this is an error in the Swift 6 language mode
            func finish(_ value: Bool) {
                 ^
            @Sendable 

SwiftCompile normal x86_64 Compiling\ AIPipelineService.swift,\ AIService.swift,\ AppConfigService.swift,\ DailyReviewService.swift,\ DeleteFlowService.swift /Users/macchuzu/EtyNote/Core/Services/AIPipelineService.swift /Users/macchuzu/EtyNote/Core/Services/AIService.swift /Users/macchuzu/EtyNote/Core/Services/AppConfigService.swift /Users/macchuzu/EtyNote/Core/Review/DailyReviewService.swift /Users/macchuzu/EtyNote/Core/Services/DeleteFlowService.swift (in target 'EtyNote' from project 'EtyNote')

SwiftCompile normal x86_64 /Users/macchuzu/EtyNote/Core/Services/AIPipelineService.swift (in target 'EtyNote' from project 'EtyNote')
    cd /Users/macchuzu/EtyNote
    

SwiftCompile normal x86_64 /Users/macchuzu/EtyNote/Core/Services/AIService.swift (in target 'EtyNote' from project 'EtyNote')
    cd /Users/macchuzu/EtyNote
    

SwiftCompile normal x86_64 /Users/macchuzu/EtyNote/Core/Services/AppConfigService.swift (in target 'EtyNote' from project 'EtyNote')
    cd /Users/macchuzu/EtyNote
    

SwiftCompile normal x86_64 /Users/macchuzu/EtyNote/Core/Review/DailyReviewService.swift (in target 'EtyNote' from project 'EtyNote')
    cd /Users/macchuzu/EtyNote
    

SwiftCompile normal x86_64 /Users/macchuzu/EtyNote/Core/Services/DeleteFlowService.swift (in target 'EtyNote' from project 'EtyNote')
    cd /Users/macchuzu/EtyNote
    

SwiftCompile normal x86_64 Compiling\ HomeViewModel.swift,\ IndexService.swift,\ JSONValidator.swift,\ KeychainService.swift,\ MarkdownService.swift /Users/macchuzu/EtyNote/Features/Home/HomeViewModel.swift /Users/macchuzu/EtyNote/Core/Services/IndexService.swift /Users/macchuzu/EtyNote/Core/Validation/JSONValidator.swift /Users/macchuzu/EtyNote/Core/Services/KeychainService.swift /Users/macchuzu/EtyNote/Core/Services/MarkdownService.swift (in target 'EtyNote' from project 'EtyNote')

SwiftCompile normal x86_64 /Users/macchuzu/EtyNote/Features/Home/HomeViewModel.swift (in target 'EtyNote' from project 'EtyNote')
    cd /Users/macchuzu/EtyNote
    

SwiftCompile normal x86_64 /Users/macchuzu/EtyNote/Core/Services/IndexService.swift (in target 'EtyNote' from project 'EtyNote')
    cd /Users/macchuzu/EtyNote
    

SwiftCompile normal x86_64 /Users/macchuzu/EtyNote/Core/Validation/JSONValidator.swift (in target 'EtyNote' from project 'EtyNote')
    cd /Users/macchuzu/EtyNote
    

SwiftCompile normal x86_64 /Users/macchuzu/EtyNote/Core/Services/KeychainService.swift (in target 'EtyNote' from project 'EtyNote')
    cd /Users/macchuzu/EtyNote
    

SwiftCompile normal x86_64 /Users/macchuzu/EtyNote/Core/Services/MarkdownService.swift (in target 'EtyNote' from project 'EtyNote')
    cd /Users/macchuzu/EtyNote
    

SwiftCompile normal x86_64 Compiling\ ReviewManager.swift,\ ReviewNotificationService.swift,\ ReviewSettingsService.swift,\ ReviewView.swift,\ ReviewViewModel.swift /Users/macchuzu/EtyNote/Core/Review/ReviewManager.swift /Users/macchuzu/EtyNote/Core/Review/ReviewNotificationService.swift /Users/macchuzu/EtyNote/Core/Review/ReviewSettingsService.swift /Users/macchuzu/EtyNote/Features/Review/ReviewView.swift /Users/macchuzu/EtyNote/Features/Review/ReviewViewModel.swift (in target 'EtyNote' from project 'EtyNote')

SwiftCompile normal x86_64 /Users/macchuzu/EtyNote/Core/Review/ReviewManager.swift (in target 'EtyNote' from project 'EtyNote')
    cd /Users/macchuzu/EtyNote
    

SwiftCompile normal x86_64 /Users/macchuzu/EtyNote/Core/Review/ReviewNotificationService.swift (in target 'EtyNote' from project 'EtyNote')
    cd /Users/macchuzu/EtyNote
    

SwiftCompile normal x86_64 /Users/macchuzu/EtyNote/Core/Review/ReviewSettingsService.swift (in target 'EtyNote' from project 'EtyNote')
    cd /Users/macchuzu/EtyNote
    

SwiftCompile normal x86_64 /Users/macchuzu/EtyNote/Features/Review/ReviewView.swift (in target 'EtyNote' from project 'EtyNote')
    cd /Users/macchuzu/EtyNote
    

SwiftCompile normal x86_64 /Users/macchuzu/EtyNote/Features/Review/ReviewViewModel.swift (in target 'EtyNote' from project 'EtyNote')
    cd /Users/macchuzu/EtyNote
    

SwiftDriverJobDiscovery normal x86_64 Emitting module for EtyNote (in target 'EtyNote' from project 'EtyNote')

SwiftDriver\ Compilation\ Requirements EtyNote normal x86_64 com.apple.xcode.tools.swift.compiler (in target 'EtyNote' from project 'EtyNote')
    cd /Users/macchuzu/EtyNote
    builtin-Swift-Compilation-Requirements -- /Applications/Xcode.app/Contents/Developer/Toolchains/XcodeDefault.xctoolchain/usr/bin/swiftc -module-name EtyNote -Onone -enforce-exclusivity\=checked @/Users/macchuzu/Library/Developer/Xcode/DerivedData/EtyNote-bknvbnxncpajuygxuromppnmndkc/Build/Intermediates.noindex/EtyNote.build/Debug-iphonesimulator/EtyNote.build/Objects-normal/x86_64/EtyNote.SwiftFileList -DDEBUG -enable-bare-slash-regex -enable-experimental-feature DebugDescriptionMacro -sdk /Applications/Xcode.app/Contents/Developer/Platforms/iPhoneSimulator.platform/Developer/SDKs/iPhoneSimulator26.0.sdk -target x86_64-apple-ios17.0-simulator -g -module-cache-path /Users/macchuzu/Library/Developer/Xcode/DerivedData/ModuleCache.noindex -Xfrontend -serialize-debugging-options -enable-testing -index-store-path /Users/macchuzu/Library/Developer/Xcode/DerivedData/EtyNote-bknvbnxncpajuygxuromppnmndkc/Index.noindex/DataStore -Xcc -D_LIBCPP_HARDENING_MODE\=_LIBCPP_HARDENING_MODE_DEBUG -swift-version 5 -I /Users/macchuzu/Library/Developer/Xcode/DerivedData/EtyNote-bknvbnxncpajuygxuromppnmndkc/Build/Products/Debug-iphonesimulator -F /Users/macchuzu/Library/Developer/Xcode/DerivedData/EtyNote-bknvbnxncpajuygxuromppnmndkc/Build/Products/Debug-iphonesimulator -c -j8 -enable-batch-mode -incremental -Xcc -ivfsstatcache -Xcc /Users/macchuzu/Library/Developer/Xcode/DerivedData/SDKStatCaches.noindex/iphonesimulator26.0-23A339-26257891a6c027eb51374368541b8346.sdkstatcache -output-file-map /Users/macchuzu/Library/Developer/Xcode/DerivedData/EtyNote-bknvbnxncpajuygxuromppnmndkc/Build/Intermediates.noindex/EtyNote.build/Debug-iphonesimulator/EtyNote.build/Objects-normal/x86_64/EtyNote-OutputFileMap.json -use-frontend-parseable-output -save-temps -no-color-diagnostics -explicit-module-build -module-cache-path /Users/macchuzu/Library/Developer/Xcode/DerivedData/EtyNote-bknvbnxncpajuygxuromppnmndkc/Build/Intermediates.noindex/SwiftExplicitPrecompiledModules -clang-scanner-module-cache-path /Users/macchuzu/Library/Developer/Xcode/DerivedData/ModuleCache.noindex -sdk-module-cache-path /Users/macchuzu/Library/Developer/Xcode/DerivedData/ModuleCache.noindex -serialize-diagnostics -emit-dependencies -emit-module -emit-module-path /Users/macchuzu/Library/Developer/Xcode/DerivedData/EtyNote-bknvbnxncpajuygxuromppnmndkc/Build/Intermediates.noindex/EtyNote.build/Debug-iphonesimulator/EtyNote.build/Objects-normal/x86_64/EtyNote.swiftmodule -validate-clang-modules-once -clang-build-session-file /Users/macchuzu/Library/Developer/Xcode/DerivedData/ModuleCache.noindex/Session.modulevalidation -Xcc -I/Users/macchuzu/Library/Developer/Xcode/DerivedData/EtyNote-bknvbnxncpajuygxuromppnmndkc/Build/Intermediates.noindex/EtyNote.build/Debug-iphonesimulator/EtyNote.build/swift-overrides.hmap -emit-const-values -Xfrontend -const-gather-protocols-file -Xfrontend /Users/macchuzu/Library/Developer/Xcode/DerivedData/EtyNote-bknvbnxncpajuygxuromppnmndkc/Build/Intermediates.noindex/EtyNote.build/Debug-iphonesimulator/EtyNote.build/Objects-normal/x86_64/EtyNote_const_extract_protocols.json -Xcc -iquote -Xcc /Users/macchuzu/Library/Developer/Xcode/DerivedData/EtyNote-bknvbnxncpajuygxuromppnmndkc/Build/Intermediates.noindex/EtyNote.build/Debug-iphonesimulator/EtyNote.build/EtyNote-generated-files.hmap -Xcc -I/Users/macchuzu/Library/Developer/Xcode/DerivedData/EtyNote-bknvbnxncpajuygxuromppnmndkc/Build/Intermediates.noindex/EtyNote.build/Debug-iphonesimulator/EtyNote.build/EtyNote-own-target-headers.hmap -Xcc -I/Users/macchuzu/Library/Developer/Xcode/DerivedData/EtyNote-bknvbnxncpajuygxuromppnmndkc/Build/Intermediates.noindex/EtyNote.build/Debug-iphonesimulator/EtyNote.build/EtyNote-all-target-headers.hmap -Xcc -iquote -Xcc /Users/macchuzu/Library/Developer/Xcode/DerivedData/EtyNote-bknvbnxncpajuygxuromppnmndkc/Build/Intermediates.noindex/EtyNote.build/Debug-iphonesimulator/EtyNote.build/EtyNote-project-headers.hmap -Xcc -I/Users/macchuzu/Library/Developer/Xcode/DerivedData/EtyNote-bknvbnxncpajuygxuromppnmndkc/Build/Products/Debug-iphonesimulator/include -Xcc -I/Users/macchuzu/Library/Developer/Xcode/DerivedData/EtyNote-bknvbnxncpajuygxuromppnmndkc/Build/Intermediates.noindex/EtyNote.build/Debug-iphonesimulator/EtyNote.build/DerivedSources-normal/x86_64 -Xcc -I/Users/macchuzu/Library/Developer/Xcode/DerivedData/EtyNote-bknvbnxncpajuygxuromppnmndkc/Build/Intermediates.noindex/EtyNote.build/Debug-iphonesimulator/EtyNote.build/DerivedSources/x86_64 -Xcc -I/Users/macchuzu/Library/Developer/Xcode/DerivedData/EtyNote-bknvbnxncpajuygxuromppnmndkc/Build/Intermediates.noindex/EtyNote.build/Debug-iphonesimulator/EtyNote.build/DerivedSources -Xcc -DDEBUG\=1 -emit-objc-header -emit-objc-header-path /Users/macchuzu/Library/Developer/Xcode/DerivedData/EtyNote-bknvbnxncpajuygxuromppnmndkc/Build/Intermediates.noindex/EtyNote.build/Debug-iphonesimulator/EtyNote.build/Objects-normal/x86_64/EtyNote-Swift.h -working-directory /Users/macchuzu/EtyNote -experimental-emit-module-separately -disable-cmo

SwiftDriverJobDiscovery normal x86_64 Compiling HomeViewModel.swift, IndexService.swift, JSONValidator.swift, KeychainService.swift, MarkdownService.swift (in target 'EtyNote' from project 'EtyNote')

SwiftDriverJobDiscovery normal x86_64 Compiling AIPipelineService.swift, AIService.swift, AppConfigService.swift, DailyReviewService.swift, DeleteFlowService.swift (in target 'EtyNote' from project 'EtyNote')

Copy /Users/macchuzu/Library/Developer/Xcode/DerivedData/EtyNote-bknvbnxncpajuygxuromppnmndkc/Build/Products/Debug-iphonesimulator/EtyNote.swiftmodule/x86_64-apple-ios-simulator.swiftmodule /Users/macchuzu/Library/Developer/Xcode/DerivedData/EtyNote-bknvbnxncpajuygxuromppnmndkc/Build/Intermediates.noindex/EtyNote.build/Debug-iphonesimulator/EtyNote.build/Objects-normal/x86_64/EtyNote.swiftmodule (in target 'EtyNote' from project 'EtyNote')
    cd /Users/macchuzu/EtyNote
    builtin-copy -exclude .DS_Store -exclude CVS -exclude .svn -exclude .git -exclude .hg -resolve-src-symlinks -rename /Users/macchuzu/Library/Developer/Xcode/DerivedData/EtyNote-bknvbnxncpajuygxuromppnmndkc/Build/Intermediates.noindex/EtyNote.build/Debug-iphonesimulator/EtyNote.build/Objects-normal/x86_64/EtyNote.swiftmodule /Users/macchuzu/Library/Developer/Xcode/DerivedData/EtyNote-bknvbnxncpajuygxuromppnmndkc/Build/Products/Debug-iphonesimulator/EtyNote.swiftmodule/x86_64-apple-ios-simulator.swiftmodule

SwiftMergeGeneratedHeaders /Users/macchuzu/Library/Developer/Xcode/DerivedData/EtyNote-bknvbnxncpajuygxuromppnmndkc/Build/Intermediates.noindex/EtyNote.build/Debug-iphonesimulator/EtyNote.build/DerivedSources/EtyNote-Swift.h /Users/macchuzu/Library/Developer/Xcode/DerivedData/EtyNote-bknvbnxncpajuygxuromppnmndkc/Build/Intermediates.noindex/EtyNote.build/Debug-iphonesimulator/EtyNote.build/Objects-normal/arm64/EtyNote-Swift.h /Users/macchuzu/Library/Developer/Xcode/DerivedData/EtyNote-bknvbnxncpajuygxuromppnmndkc/Build/Intermediates.noindex/EtyNote.build/Debug-iphonesimulator/EtyNote.build/Objects-normal/x86_64/EtyNote-Swift.h (in target 'EtyNote' from project 'EtyNote')
    cd /Users/macchuzu/EtyNote
    builtin-swiftHeaderTool -arch arm64 /Users/macchuzu/Library/Developer/Xcode/DerivedData/EtyNote-bknvbnxncpajuygxuromppnmndkc/Build/Intermediates.noindex/EtyNote.build/Debug-iphonesimulator/EtyNote.build/Objects-normal/arm64/EtyNote-Swift.h -arch x86_64 /Users/macchuzu/Library/Developer/Xcode/DerivedData/EtyNote-bknvbnxncpajuygxuromppnmndkc/Build/Intermediates.noindex/EtyNote.build/Debug-iphonesimulator/EtyNote.build/Objects-normal/x86_64/EtyNote-Swift.h -o /Users/macchuzu/Library/Developer/Xcode/DerivedData/EtyNote-bknvbnxncpajuygxuromppnmndkc/Build/Intermediates.noindex/EtyNote.build/Debug-iphonesimulator/EtyNote.build/DerivedSources/EtyNote-Swift.h

Copy /Users/macchuzu/Library/Developer/Xcode/DerivedData/EtyNote-bknvbnxncpajuygxuromppnmndkc/Build/Products/Debug-iphonesimulator/EtyNote.swiftmodule/x86_64-apple-ios-simulator.swiftdoc /Users/macchuzu/Library/Developer/Xcode/DerivedData/EtyNote-bknvbnxncpajuygxuromppnmndkc/Build/Intermediates.noindex/EtyNote.build/Debug-iphonesimulator/EtyNote.build/Objects-normal/x86_64/EtyNote.swiftdoc (in target 'EtyNote' from project 'EtyNote')
    cd /Users/macchuzu/EtyNote
    builtin-copy -exclude .DS_Store -exclude CVS -exclude .svn -exclude .git -exclude .hg -resolve-src-symlinks -rename /Users/macchuzu/Library/Developer/Xcode/DerivedData/EtyNote-bknvbnxncpajuygxuromppnmndkc/Build/Intermediates.noindex/EtyNote.build/Debug-iphonesimulator/EtyNote.build/Objects-normal/x86_64/EtyNote.swiftdoc /Users/macchuzu/Library/Developer/Xcode/DerivedData/EtyNote-bknvbnxncpajuygxuromppnmndkc/Build/Products/Debug-iphonesimulator/EtyNote.swiftmodule/x86_64-apple-ios-simulator.swiftdoc

Copy /Users/macchuzu/Library/Developer/Xcode/DerivedData/EtyNote-bknvbnxncpajuygxuromppnmndkc/Build/Products/Debug-iphonesimulator/EtyNote.swiftmodule/x86_64-apple-ios-simulator.abi.json /Users/macchuzu/Library/Developer/Xcode/DerivedData/EtyNote-bknvbnxncpajuygxuromppnmndkc/Build/Intermediates.noindex/EtyNote.build/Debug-iphonesimulator/EtyNote.build/Objects-normal/x86_64/EtyNote.abi.json (in target 'EtyNote' from project 'EtyNote')
    cd /Users/macchuzu/EtyNote
    builtin-copy -exclude .DS_Store -exclude CVS -exclude .svn -exclude .git -exclude .hg -resolve-src-symlinks -rename /Users/macchuzu/Library/Developer/Xcode/DerivedData/EtyNote-bknvbnxncpajuygxuromppnmndkc/Build/Intermediates.noindex/EtyNote.build/Debug-iphonesimulator/EtyNote.build/Objects-normal/x86_64/EtyNote.abi.json /Users/macchuzu/Library/Developer/Xcode/DerivedData/EtyNote-bknvbnxncpajuygxuromppnmndkc/Build/Products/Debug-iphonesimulator/EtyNote.swiftmodule/x86_64-apple-ios-simulator.abi.json

Copy /Users/macchuzu/Library/Developer/Xcode/DerivedData/EtyNote-bknvbnxncpajuygxuromppnmndkc/Build/Products/Debug-iphonesimulator/EtyNote.swiftmodule/Project/x86_64-apple-ios-simulator.swiftsourceinfo /Users/macchuzu/Library/Developer/Xcode/DerivedData/EtyNote-bknvbnxncpajuygxuromppnmndkc/Build/Intermediates.noindex/EtyNote.build/Debug-iphonesimulator/EtyNote.build/Objects-normal/x86_64/EtyNote.swiftsourceinfo (in target 'EtyNote' from project 'EtyNote')
    cd /Users/macchuzu/EtyNote
    builtin-copy -exclude .DS_Store -exclude CVS -exclude .svn -exclude .git -exclude .hg -resolve-src-symlinks -rename /Users/macchuzu/Library/Developer/Xcode/DerivedData/EtyNote-bknvbnxncpajuygxuromppnmndkc/Build/Intermediates.noindex/EtyNote.build/Debug-iphonesimulator/EtyNote.build/Objects-normal/x86_64/EtyNote.swiftsourceinfo /Users/macchuzu/Library/Developer/Xcode/DerivedData/EtyNote-bknvbnxncpajuygxuromppnmndkc/Build/Products/Debug-iphonesimulator/EtyNote.swiftmodule/Project/x86_64-apple-ios-simulator.swiftsourceinfo

Ld /Users/macchuzu/Library/Developer/Xcode/DerivedData/EtyNote-bknvbnxncpajuygxuromppnmndkc/Build/Intermediates.noindex/EtyNote.build/Debug-iphonesimulator/EtyNote.build/Objects-normal/arm64/Binary/EtyNote.debug.dylib normal arm64 (in target 'EtyNote' from project 'EtyNote')
    cd /Users/macchuzu/EtyNote
    /Applications/Xcode.app/Contents/Developer/Toolchains/XcodeDefault.xctoolchain/usr/bin/clang -Xlinker -reproducible -target arm64-apple-ios17.0-simulator -dynamiclib -isysroot /Applications/Xcode.app/Contents/Developer/Platforms/iPhoneSimulator.platform/Developer/SDKs/iPhoneSimulator26.0.sdk -O0 -L/Users/macchuzu/Library/Developer/Xcode/DerivedData/EtyNote-bknvbnxncpajuygxuromppnmndkc/Build/Intermediates.noindex/EagerLinkingTBDs/Debug-iphonesimulator -L/Users/macchuzu/Library/Developer/Xcode/DerivedData/EtyNote-bknvbnxncpajuygxuromppnmndkc/Build/Products/Debug-iphonesimulator -F/Users/macchuzu/Library/Developer/Xcode/DerivedData/EtyNote-bknvbnxncpajuygxuromppnmndkc/Build/Intermediates.noindex/EagerLinkingTBDs/Debug-iphonesimulator -F/Users/macchuzu/Library/Developer/Xcode/DerivedData/EtyNote-bknvbnxncpajuygxuromppnmndkc/Build/Products/Debug-iphonesimulator -filelist /Users/macchuzu/Library/Developer/Xcode/DerivedData/EtyNote-bknvbnxncpajuygxuromppnmndkc/Build/Intermediates.noindex/EtyNote.build/Debug-iphonesimulator/EtyNote.build/Objects-normal/arm64/EtyNote.LinkFileList -install_name @rpath/EtyNote.debug.dylib -Xlinker -rpath -Xlinker /usr/lib/swift -Xlinker -rpath -Xlinker @executable_path/Frameworks -dead_strip -Xlinker -object_path_lto -Xlinker /Users/macchuzu/Library/Developer/Xcode/DerivedData/EtyNote-bknvbnxncpajuygxuromppnmndkc/Build/Intermediates.noindex/EtyNote.build/Debug-iphonesimulator/EtyNote.build/Objects-normal/arm64/EtyNote_lto.o -rdynamic -Xlinker -no_deduplicate -Xlinker -objc_abi_version -Xlinker 2 -Xlinker -dependency_info -Xlinker /Users/macchuzu/Library/Developer/Xcode/DerivedData/EtyNote-bknvbnxncpajuygxuromppnmndkc/Build/Intermediates.noindex/EtyNote.build/Debug-iphonesimulator/EtyNote.build/Objects-normal/arm64/EtyNote_dependency_info.dat -fobjc-link-runtime -L/Applications/Xcode.app/Contents/Developer/Toolchains/XcodeDefault.xctoolchain/usr/lib/swift/iphonesimulator -L/usr/lib/swift -Xlinker -add_ast_path -Xlinker /Users/macchuzu/Library/Developer/Xcode/DerivedData/EtyNote-bknvbnxncpajuygxuromppnmndkc/Build/Intermediates.noindex/EtyNote.build/Debug-iphonesimulator/EtyNote.build/Objects-normal/arm64/EtyNote.swiftmodule @/Users/macchuzu/Library/Developer/Xcode/DerivedData/EtyNote-bknvbnxncpajuygxuromppnmndkc/Build/Intermediates.noindex/EtyNote.build/Debug-iphonesimulator/EtyNote.build/Objects-normal/arm64/EtyNote-linker-args.resp -Xlinker -alias -Xlinker _main -Xlinker ___debug_main_executable_dylib_entry_point -o /Users/macchuzu/Library/Developer/Xcode/DerivedData/EtyNote-bknvbnxncpajuygxuromppnmndkc/Build/Intermediates.noindex/EtyNote.build/Debug-iphonesimulator/EtyNote.build/Objects-normal/arm64/Binary/EtyNote.debug.dylib

SwiftDriverJobDiscovery normal x86_64 Compiling MarkdownStoreService.swift, MarkdownTransferService.swift, Morphology.swift, NetworkService.swift, PromptBuilder.swift (in target 'EtyNote' from project 'EtyNote')

ConstructStubExecutorLinkFileList /Users/macchuzu/Library/Developer/Xcode/DerivedData/EtyNote-bknvbnxncpajuygxuromppnmndkc/Build/Intermediates.noindex/EtyNote.build/Debug-iphonesimulator/EtyNote.build/EtyNote-ExecutorLinkFileList-normal-arm64.txt (in target 'EtyNote' from project 'EtyNote')
    cd /Users/macchuzu/EtyNote
    construct-stub-executor-link-file-list /Users/macchuzu/Library/Developer/Xcode/DerivedData/EtyNote-bknvbnxncpajuygxuromppnmndkc/Build/Intermediates.noindex/EtyNote.build/Debug-iphonesimulator/EtyNote.build/Objects-normal/arm64/Binary/EtyNote.debug.dylib /Applications/Xcode.app/Contents/Developer/Platforms/iPhoneSimulator.platform/Developer/usr/lib/libPreviewsJITStubExecutor_no_swift_entry_point.a /Applications/Xcode.app/Contents/Developer/Platforms/iPhoneSimulator.platform/Developer/usr/lib/libPreviewsJITStubExecutor.a --output /Users/macchuzu/Library/Developer/Xcode/DerivedData/EtyNote-bknvbnxncpajuygxuromppnmndkc/Build/Intermediates.noindex/EtyNote.build/Debug-iphonesimulator/EtyNote.build/EtyNote-ExecutorLinkFileList-normal-arm64.txt
note: Using stub executor library with Swift entry point. (in target 'EtyNote' from project 'EtyNote')

Ld /Users/macchuzu/Library/Developer/Xcode/DerivedData/EtyNote-bknvbnxncpajuygxuromppnmndkc/Build/Intermediates.noindex/EtyNote.build/Debug-iphonesimulator/EtyNote.build/Objects-normal/arm64/Binary/EtyNote normal arm64 (in target 'EtyNote' from project 'EtyNote')
    cd /Users/macchuzu/EtyNote
    /Applications/Xcode.app/Contents/Developer/Toolchains/XcodeDefault.xctoolchain/usr/bin/clang -Xlinker -reproducible -target arm64-apple-ios17.0-simulator -isysroot /Applications/Xcode.app/Contents/Developer/Platforms/iPhoneSimulator.platform/Developer/SDKs/iPhoneSimulator26.0.sdk -O0 -L/Users/macchuzu/Library/Developer/Xcode/DerivedData/EtyNote-bknvbnxncpajuygxuromppnmndkc/Build/Products/Debug-iphonesimulator -F/Users/macchuzu/Library/Developer/Xcode/DerivedData/EtyNote-bknvbnxncpajuygxuromppnmndkc/Build/Products/Debug-iphonesimulator -Xlinker -rpath -Xlinker @executable_path -Xlinker -rpath -Xlinker @executable_path/Frameworks -rdynamic -Xlinker -no_deduplicate -Xlinker -objc_abi_version -Xlinker 2 -e ___debug_blank_executor_main -Xlinker -sectcreate -Xlinker __TEXT -Xlinker __debug_dylib -Xlinker /Users/macchuzu/Library/Developer/Xcode/DerivedData/EtyNote-bknvbnxncpajuygxuromppnmndkc/Build/Intermediates.noindex/EtyNote.build/Debug-iphonesimulator/EtyNote.build/EtyNote-DebugDylibPath-normal-arm64.txt -Xlinker -sectcreate -Xlinker __TEXT -Xlinker __debug_instlnm -Xlinker /Users/macchuzu/Library/Developer/Xcode/DerivedData/EtyNote-bknvbnxncpajuygxuromppnmndkc/Build/Intermediates.noindex/EtyNote.build/Debug-iphonesimulator/EtyNote.build/EtyNote-DebugDylibInstallName-normal-arm64.txt -Xlinker -filelist -Xlinker /Users/macchuzu/Library/Developer/Xcode/DerivedData/EtyNote-bknvbnxncpajuygxuromppnmndkc/Build/Intermediates.noindex/EtyNote.build/Debug-iphonesimulator/EtyNote.build/EtyNote-ExecutorLinkFileList-normal-arm64.txt /Users/macchuzu/Library/Developer/Xcode/DerivedData/EtyNote-bknvbnxncpajuygxuromppnmndkc/Build/Intermediates.noindex/EtyNote.build/Debug-iphonesimulator/EtyNote.build/Objects-normal/arm64/Binary/EtyNote.debug.dylib -o /Users/macchuzu/Library/Developer/Xcode/DerivedData/EtyNote-bknvbnxncpajuygxuromppnmndkc/Build/Intermediates.noindex/EtyNote.build/Debug-iphonesimulator/EtyNote.build/Objects-normal/arm64/Binary/EtyNote

SwiftDriverJobDiscovery normal x86_64 Compiling ReviewManager.swift, ReviewNotificationService.swift, ReviewSettingsService.swift, ReviewView.swift, ReviewViewModel.swift (in target 'EtyNote' from project 'EtyNote')

SwiftDriverJobDiscovery normal x86_64 Compiling RootTabView.swift, SearchService.swift, SearchView.swift, SearchViewModel.swift (in target 'EtyNote' from project 'EtyNote')

SwiftDriverJobDiscovery normal x86_64 Compiling SettingsView.swift, SettingsViewModel.swift, UsageExample.swift, WordEntry.swift (in target 'EtyNote' from project 'EtyNote')

SwiftDriverJobDiscovery normal x86_64 Compiling DetailView.swift, DictionaryService.swift, EntryDeleteService.swift, EntryDetailService.swift, EntryPipeline.swift (in target 'EtyNote' from project 'EtyNote')

SwiftDriverJobDiscovery normal x86_64 Compiling EntrySaveService.swift, ErrorMessageService.swift, EtyNoteApp.swift, FileService.swift, HomeView.swift (in target 'EtyNote' from project 'EtyNote')

SwiftDriver\ Compilation EtyNote normal x86_64 com.apple.xcode.tools.swift.compiler (in target 'EtyNote' from project 'EtyNote')
    cd /Users/macchuzu/EtyNote
    builtin-Swift-Compilation -- /Applications/Xcode.app/Contents/Developer/Toolchains/XcodeDefault.xctoolchain/usr/bin/swiftc -module-name EtyNote -Onone -enforce-exclusivity\=checked @/Users/macchuzu/Library/Developer/Xcode/DerivedData/EtyNote-bknvbnxncpajuygxuromppnmndkc/Build/Intermediates.noindex/EtyNote.build/Debug-iphonesimulator/EtyNote.build/Objects-normal/x86_64/EtyNote.SwiftFileList -DDEBUG -enable-bare-slash-regex -enable-experimental-feature DebugDescriptionMacro -sdk /Applications/Xcode.app/Contents/Developer/Platforms/iPhoneSimulator.platform/Developer/SDKs/iPhoneSimulator26.0.sdk -target x86_64-apple-ios17.0-simulator -g -module-cache-path /Users/macchuzu/Library/Developer/Xcode/DerivedData/ModuleCache.noindex -Xfrontend -serialize-debugging-options -enable-testing -index-store-path /Users/macchuzu/Library/Developer/Xcode/DerivedData/EtyNote-bknvbnxncpajuygxuromppnmndkc/Index.noindex/DataStore -Xcc -D_LIBCPP_HARDENING_MODE\=_LIBCPP_HARDENING_MODE_DEBUG -swift-version 5 -I /Users/macchuzu/Library/Developer/Xcode/DerivedData/EtyNote-bknvbnxncpajuygxuromppnmndkc/Build/Products/Debug-iphonesimulator -F /Users/macchuzu/Library/Developer/Xcode/DerivedData/EtyNote-bknvbnxncpajuygxuromppnmndkc/Build/Products/Debug-iphonesimulator -c -j8 -enable-batch-mode -incremental -Xcc -ivfsstatcache -Xcc /Users/macchuzu/Library/Developer/Xcode/DerivedData/SDKStatCaches.noindex/iphonesimulator26.0-23A339-26257891a6c027eb51374368541b8346.sdkstatcache -output-file-map /Users/macchuzu/Library/Developer/Xcode/DerivedData/EtyNote-bknvbnxncpajuygxuromppnmndkc/Build/Intermediates.noindex/EtyNote.build/Debug-iphonesimulator/EtyNote.build/Objects-normal/x86_64/EtyNote-OutputFileMap.json -use-frontend-parseable-output -save-temps -no-color-diagnostics -explicit-module-build -module-cache-path /Users/macchuzu/Library/Developer/Xcode/DerivedData/EtyNote-bknvbnxncpajuygxuromppnmndkc/Build/Intermediates.noindex/SwiftExplicitPrecompiledModules -clang-scanner-module-cache-path /Users/macchuzu/Library/Developer/Xcode/DerivedData/ModuleCache.noindex -sdk-module-cache-path /Users/macchuzu/Library/Developer/Xcode/DerivedData/ModuleCache.noindex -serialize-diagnostics -emit-dependencies -emit-module -emit-module-path /Users/macchuzu/Library/Developer/Xcode/DerivedData/EtyNote-bknvbnxncpajuygxuromppnmndkc/Build/Intermediates.noindex/EtyNote.build/Debug-iphonesimulator/EtyNote.build/Objects-normal/x86_64/EtyNote.swiftmodule -validate-clang-modules-once -clang-build-session-file /Users/macchuzu/Library/Developer/Xcode/DerivedData/ModuleCache.noindex/Session.modulevalidation -Xcc -I/Users/macchuzu/Library/Developer/Xcode/DerivedData/EtyNote-bknvbnxncpajuygxuromppnmndkc/Build/Intermediates.noindex/EtyNote.build/Debug-iphonesimulator/EtyNote.build/swift-overrides.hmap -emit-const-values -Xfrontend -const-gather-protocols-file -Xfrontend /Users/macchuzu/Library/Developer/Xcode/DerivedData/EtyNote-bknvbnxncpajuygxuromppnmndkc/Build/Intermediates.noindex/EtyNote.build/Debug-iphonesimulator/EtyNote.build/Objects-normal/x86_64/EtyNote_const_extract_protocols.json -Xcc -iquote -Xcc /Users/macchuzu/Library/Developer/Xcode/DerivedData/EtyNote-bknvbnxncpajuygxuromppnmndkc/Build/Intermediates.noindex/EtyNote.build/Debug-iphonesimulator/EtyNote.build/EtyNote-generated-files.hmap -Xcc -I/Users/macchuzu/Library/Developer/Xcode/DerivedData/EtyNote-bknvbnxncpajuygxuromppnmndkc/Build/Intermediates.noindex/EtyNote.build/Debug-iphonesimulator/EtyNote.build/EtyNote-own-target-headers.hmap -Xcc -I/Users/macchuzu/Library/Developer/Xcode/DerivedData/EtyNote-bknvbnxncpajuygxuromppnmndkc/Build/Intermediates.noindex/EtyNote.build/Debug-iphonesimulator/EtyNote.build/EtyNote-all-target-headers.hmap -Xcc -iquote -Xcc /Users/macchuzu/Library/Developer/Xcode/DerivedData/EtyNote-bknvbnxncpajuygxuromppnmndkc/Build/Intermediates.noindex/EtyNote.build/Debug-iphonesimulator/EtyNote.build/EtyNote-project-headers.hmap -Xcc -I/Users/macchuzu/Library/Developer/Xcode/DerivedData/EtyNote-bknvbnxncpajuygxuromppnmndkc/Build/Products/Debug-iphonesimulator/include -Xcc -I/Users/macchuzu/Library/Developer/Xcode/DerivedData/EtyNote-bknvbnxncpajuygxuromppnmndkc/Build/Intermediates.noindex/EtyNote.build/Debug-iphonesimulator/EtyNote.build/DerivedSources-normal/x86_64 -Xcc -I/Users/macchuzu/Library/Developer/Xcode/DerivedData/EtyNote-bknvbnxncpajuygxuromppnmndkc/Build/Intermediates.noindex/EtyNote.build/Debug-iphonesimulator/EtyNote.build/DerivedSources/x86_64 -Xcc -I/Users/macchuzu/Library/Developer/Xcode/DerivedData/EtyNote-bknvbnxncpajuygxuromppnmndkc/Build/Intermediates.noindex/EtyNote.build/Debug-iphonesimulator/EtyNote.build/DerivedSources -Xcc -DDEBUG\=1 -emit-objc-header -emit-objc-header-path /Users/macchuzu/Library/Developer/Xcode/DerivedData/EtyNote-bknvbnxncpajuygxuromppnmndkc/Build/Intermediates.noindex/EtyNote.build/Debug-iphonesimulator/EtyNote.build/Objects-normal/x86_64/EtyNote-Swift.h -working-directory /Users/macchuzu/EtyNote -experimental-emit-module-separately -disable-cmo

Ld /Users/macchuzu/Library/Developer/Xcode/DerivedData/EtyNote-bknvbnxncpajuygxuromppnmndkc/Build/Intermediates.noindex/EtyNote.build/Debug-iphonesimulator/EtyNote.build/Objects-normal/x86_64/Binary/EtyNote.debug.dylib normal x86_64 (in target 'EtyNote' from project 'EtyNote')
    cd /Users/macchuzu/EtyNote
    /Applications/Xcode.app/Contents/Developer/Toolchains/XcodeDefault.xctoolchain/usr/bin/clang -Xlinker -reproducible -target x86_64-apple-ios17.0-simulator -dynamiclib -isysroot /Applications/Xcode.app/Contents/Developer/Platforms/iPhoneSimulator.platform/Developer/SDKs/iPhoneSimulator26.0.sdk -O0 -L/Users/macchuzu/Library/Developer/Xcode/DerivedData/EtyNote-bknvbnxncpajuygxuromppnmndkc/Build/Intermediates.noindex/EagerLinkingTBDs/Debug-iphonesimulator -L/Users/macchuzu/Library/Developer/Xcode/DerivedData/EtyNote-bknvbnxncpajuygxuromppnmndkc/Build/Products/Debug-iphonesimulator -F/Users/macchuzu/Library/Developer/Xcode/DerivedData/EtyNote-bknvbnxncpajuygxuromppnmndkc/Build/Intermediates.noindex/EagerLinkingTBDs/Debug-iphonesimulator -F/Users/macchuzu/Library/Developer/Xcode/DerivedData/EtyNote-bknvbnxncpajuygxuromppnmndkc/Build/Products/Debug-iphonesimulator -filelist /Users/macchuzu/Library/Developer/Xcode/DerivedData/EtyNote-bknvbnxncpajuygxuromppnmndkc/Build/Intermediates.noindex/EtyNote.build/Debug-iphonesimulator/EtyNote.build/Objects-normal/x86_64/EtyNote.LinkFileList -install_name @rpath/EtyNote.debug.dylib -Xlinker -rpath -Xlinker /usr/lib/swift -Xlinker -rpath -Xlinker @executable_path/Frameworks -dead_strip -Xlinker -object_path_lto -Xlinker /Users/macchuzu/Library/Developer/Xcode/DerivedData/EtyNote-bknvbnxncpajuygxuromppnmndkc/Build/Intermediates.noindex/EtyNote.build/Debug-iphonesimulator/EtyNote.build/Objects-normal/x86_64/EtyNote_lto.o -rdynamic -Xlinker -no_deduplicate -Xlinker -objc_abi_version -Xlinker 2 -Xlinker -dependency_info -Xlinker /Users/macchuzu/Library/Developer/Xcode/DerivedData/EtyNote-bknvbnxncpajuygxuromppnmndkc/Build/Intermediates.noindex/EtyNote.build/Debug-iphonesimulator/EtyNote.build/Objects-normal/x86_64/EtyNote_dependency_info.dat -fobjc-link-runtime -L/Applications/Xcode.app/Contents/Developer/Toolchains/XcodeDefault.xctoolchain/usr/lib/swift/iphonesimulator -L/usr/lib/swift -Xlinker -add_ast_path -Xlinker /Users/macchuzu/Library/Developer/Xcode/DerivedData/EtyNote-bknvbnxncpajuygxuromppnmndkc/Build/Intermediates.noindex/EtyNote.build/Debug-iphonesimulator/EtyNote.build/Objects-normal/x86_64/EtyNote.swiftmodule @/Users/macchuzu/Library/Developer/Xcode/DerivedData/EtyNote-bknvbnxncpajuygxuromppnmndkc/Build/Intermediates.noindex/EtyNote.build/Debug-iphonesimulator/EtyNote.build/Objects-normal/x86_64/EtyNote-linker-args.resp -Xlinker -alias -Xlinker _main -Xlinker ___debug_main_executable_dylib_entry_point -o /Users/macchuzu/Library/Developer/Xcode/DerivedData/EtyNote-bknvbnxncpajuygxuromppnmndkc/Build/Intermediates.noindex/EtyNote.build/Debug-iphonesimulator/EtyNote.build/Objects-normal/x86_64/Binary/EtyNote.debug.dylib

CreateUniversalBinary /Users/macchuzu/Library/Developer/Xcode/DerivedData/EtyNote-bknvbnxncpajuygxuromppnmndkc/Build/Products/Debug-iphonesimulator/EtyNote.app/EtyNote.debug.dylib normal arm64\ x86_64 (in target 'EtyNote' from project 'EtyNote')
    cd /Users/macchuzu/EtyNote
    /Applications/Xcode.app/Contents/Developer/Toolchains/XcodeDefault.xctoolchain/usr/bin/lipo -create /Users/macchuzu/Library/Developer/Xcode/DerivedData/EtyNote-bknvbnxncpajuygxuromppnmndkc/Build/Intermediates.noindex/EtyNote.build/Debug-iphonesimulator/EtyNote.build/Objects-normal/arm64/Binary/EtyNote.debug.dylib /Users/macchuzu/Library/Developer/Xcode/DerivedData/EtyNote-bknvbnxncpajuygxuromppnmndkc/Build/Intermediates.noindex/EtyNote.build/Debug-iphonesimulator/EtyNote.build/Objects-normal/x86_64/Binary/EtyNote.debug.dylib -output /Users/macchuzu/Library/Developer/Xcode/DerivedData/EtyNote-bknvbnxncpajuygxuromppnmndkc/Build/Products/Debug-iphonesimulator/EtyNote.app/EtyNote.debug.dylib

ConstructStubExecutorLinkFileList /Users/macchuzu/Library/Developer/Xcode/DerivedData/EtyNote-bknvbnxncpajuygxuromppnmndkc/Build/Intermediates.noindex/EtyNote.build/Debug-iphonesimulator/EtyNote.build/EtyNote-ExecutorLinkFileList-normal-x86_64.txt (in target 'EtyNote' from project 'EtyNote')
    cd /Users/macchuzu/EtyNote
    construct-stub-executor-link-file-list /Users/macchuzu/Library/Developer/Xcode/DerivedData/EtyNote-bknvbnxncpajuygxuromppnmndkc/Build/Intermediates.noindex/EtyNote.build/Debug-iphonesimulator/EtyNote.build/Objects-normal/x86_64/Binary/EtyNote.debug.dylib /Applications/Xcode.app/Contents/Developer/Platforms/iPhoneSimulator.platform/Developer/usr/lib/libPreviewsJITStubExecutor_no_swift_entry_point.a /Applications/Xcode.app/Contents/Developer/Platforms/iPhoneSimulator.platform/Developer/usr/lib/libPreviewsJITStubExecutor.a --output /Users/macchuzu/Library/Developer/Xcode/DerivedData/EtyNote-bknvbnxncpajuygxuromppnmndkc/Build/Intermediates.noindex/EtyNote.build/Debug-iphonesimulator/EtyNote.build/EtyNote-ExecutorLinkFileList-normal-x86_64.txt
note: Using stub executor library with Swift entry point. (in target 'EtyNote' from project 'EtyNote')

Ld /Users/macchuzu/Library/Developer/Xcode/DerivedData/EtyNote-bknvbnxncpajuygxuromppnmndkc/Build/Intermediates.noindex/EtyNote.build/Debug-iphonesimulator/EtyNote.build/Objects-normal/x86_64/Binary/EtyNote normal x86_64 (in target 'EtyNote' from project 'EtyNote')
    cd /Users/macchuzu/EtyNote
    /Applications/Xcode.app/Contents/Developer/Toolchains/XcodeDefault.xctoolchain/usr/bin/clang -Xlinker -reproducible -target x86_64-apple-ios17.0-simulator -isysroot /Applications/Xcode.app/Contents/Developer/Platforms/iPhoneSimulator.platform/Developer/SDKs/iPhoneSimulator26.0.sdk -O0 -L/Users/macchuzu/Library/Developer/Xcode/DerivedData/EtyNote-bknvbnxncpajuygxuromppnmndkc/Build/Products/Debug-iphonesimulator -F/Users/macchuzu/Library/Developer/Xcode/DerivedData/EtyNote-bknvbnxncpajuygxuromppnmndkc/Build/Products/Debug-iphonesimulator -Xlinker -rpath -Xlinker @executable_path -Xlinker -rpath -Xlinker @executable_path/Frameworks -rdynamic -Xlinker -no_deduplicate -Xlinker -objc_abi_version -Xlinker 2 -e ___debug_blank_executor_main -Xlinker -sectcreate -Xlinker __TEXT -Xlinker __debug_dylib -Xlinker /Users/macchuzu/Library/Developer/Xcode/DerivedData/EtyNote-bknvbnxncpajuygxuromppnmndkc/Build/Intermediates.noindex/EtyNote.build/Debug-iphonesimulator/EtyNote.build/EtyNote-DebugDylibPath-normal-x86_64.txt -Xlinker -sectcreate -Xlinker __TEXT -Xlinker __debug_instlnm -Xlinker /Users/macchuzu/Library/Developer/Xcode/DerivedData/EtyNote-bknvbnxncpajuygxuromppnmndkc/Build/Intermediates.noindex/EtyNote.build/Debug-iphonesimulator/EtyNote.build/EtyNote-DebugDylibInstallName-normal-x86_64.txt -Xlinker -filelist -Xlinker /Users/macchuzu/Library/Developer/Xcode/DerivedData/EtyNote-bknvbnxncpajuygxuromppnmndkc/Build/Intermediates.noindex/EtyNote.build/Debug-iphonesimulator/EtyNote.build/EtyNote-ExecutorLinkFileList-normal-x86_64.txt /Users/macchuzu/Library/Developer/Xcode/DerivedData/EtyNote-bknvbnxncpajuygxuromppnmndkc/Build/Intermediates.noindex/EtyNote.build/Debug-iphonesimulator/EtyNote.build/Objects-normal/x86_64/Binary/EtyNote.debug.dylib -o /Users/macchuzu/Library/Developer/Xcode/DerivedData/EtyNote-bknvbnxncpajuygxuromppnmndkc/Build/Intermediates.noindex/EtyNote.build/Debug-iphonesimulator/EtyNote.build/Objects-normal/x86_64/Binary/EtyNote

CreateUniversalBinary /Users/macchuzu/Library/Developer/Xcode/DerivedData/EtyNote-bknvbnxncpajuygxuromppnmndkc/Build/Products/Debug-iphonesimulator/EtyNote.app/EtyNote normal arm64\ x86_64 (in target 'EtyNote' from project 'EtyNote')
    cd /Users/macchuzu/EtyNote
    /Applications/Xcode.app/Contents/Developer/Toolchains/XcodeDefault.xctoolchain/usr/bin/lipo -create /Users/macchuzu/Library/Developer/Xcode/DerivedData/EtyNote-bknvbnxncpajuygxuromppnmndkc/Build/Intermediates.noindex/EtyNote.build/Debug-iphonesimulator/EtyNote.build/Objects-normal/arm64/Binary/EtyNote /Users/macchuzu/Library/Developer/Xcode/DerivedData/EtyNote-bknvbnxncpajuygxuromppnmndkc/Build/Intermediates.noindex/EtyNote.build/Debug-iphonesimulator/EtyNote.build/Objects-normal/x86_64/Binary/EtyNote -output /Users/macchuzu/Library/Developer/Xcode/DerivedData/EtyNote-bknvbnxncpajuygxuromppnmndkc/Build/Products/Debug-iphonesimulator/EtyNote.app/EtyNote

CopySwiftLibs /Users/macchuzu/Library/Developer/Xcode/DerivedData/EtyNote-bknvbnxncpajuygxuromppnmndkc/Build/Products/Debug-iphonesimulator/EtyNote.app (in target 'EtyNote' from project 'EtyNote')
    cd /Users/macchuzu/EtyNote
    builtin-swiftStdLibTool --copy --verbose --scan-executable /Users/macchuzu/Library/Developer/Xcode/DerivedData/EtyNote-bknvbnxncpajuygxuromppnmndkc/Build/Products/Debug-iphonesimulator/EtyNote.app/EtyNote.debug.dylib --scan-folder /Users/macchuzu/Library/Developer/Xcode/DerivedData/EtyNote-bknvbnxncpajuygxuromppnmndkc/Build/Products/Debug-iphonesimulator/EtyNote.app/Frameworks --scan-folder /Users/macchuzu/Library/Developer/Xcode/DerivedData/EtyNote-bknvbnxncpajuygxuromppnmndkc/Build/Products/Debug-iphonesimulator/EtyNote.app/PlugIns --scan-folder /Users/macchuzu/Library/Developer/Xcode/DerivedData/EtyNote-bknvbnxncpajuygxuromppnmndkc/Build/Products/Debug-iphonesimulator/EtyNote.app/SystemExtensions --scan-folder /Users/macchuzu/Library/Developer/Xcode/DerivedData/EtyNote-bknvbnxncpajuygxuromppnmndkc/Build/Products/Debug-iphonesimulator/EtyNote.app/Extensions --platform iphonesimulator --toolchain /Applications/Xcode.app/Contents/Developer/Toolchains/XcodeDefault.xctoolchain --destination /Users/macchuzu/Library/Developer/Xcode/DerivedData/EtyNote-bknvbnxncpajuygxuromppnmndkc/Build/Products/Debug-iphonesimulator/EtyNote.app/Frameworks --strip-bitcode --strip-bitcode-tool /Applications/Xcode.app/Contents/Developer/Toolchains/XcodeDefault.xctoolchain/usr/bin/bitcode_strip --emit-dependency-info /Users/macchuzu/Library/Developer/Xcode/DerivedData/EtyNote-bknvbnxncpajuygxuromppnmndkc/Build/Intermediates.noindex/EtyNote.build/Debug-iphonesimulator/EtyNote.build/SwiftStdLibToolInputDependencies.dep --filter-for-swift-os --back-deploy-swift-span
Ignoring --strip-bitcode because --sign was not passed

ExtractAppIntentsMetadata (in target 'EtyNote' from project 'EtyNote')
    cd /Users/macchuzu/EtyNote
    /Applications/Xcode.app/Contents/Developer/Toolchains/XcodeDefault.xctoolchain/usr/bin/appintentsmetadataprocessor --toolchain-dir /Applications/Xcode.app/Contents/Developer/Toolchains/XcodeDefault.xctoolchain --module-name EtyNote --sdk-root /Applications/Xcode.app/Contents/Developer/Platforms/iPhoneSimulator.platform/Developer/SDKs/iPhoneSimulator26.0.sdk --xcode-version 17A400 --platform-family iOS --deployment-target 17.0 --bundle-identifier com.backwell88.EtyNote --output /Users/macchuzu/Library/Developer/Xcode/DerivedData/EtyNote-bknvbnxncpajuygxuromppnmndkc/Build/Products/Debug-iphonesimulator/EtyNote.app --target-triple arm64-apple-ios17.0-simulator --target-triple x86_64-apple-ios17.0-simulator --binary-file /Users/macchuzu/Library/Developer/Xcode/DerivedData/EtyNote-bknvbnxncpajuygxuromppnmndkc/Build/Products/Debug-iphonesimulator/EtyNote.app/EtyNote --dependency-file /Users/macchuzu/Library/Developer/Xcode/DerivedData/EtyNote-bknvbnxncpajuygxuromppnmndkc/Build/Intermediates.noindex/EtyNote.build/Debug-iphonesimulator/EtyNote.build/Objects-normal/arm64/EtyNote_dependency_info.dat --dependency-file /Users/macchuzu/Library/Developer/Xcode/DerivedData/EtyNote-bknvbnxncpajuygxuromppnmndkc/Build/Intermediates.noindex/EtyNote.build/Debug-iphonesimulator/EtyNote.build/Objects-normal/x86_64/EtyNote_dependency_info.dat --stringsdata-file /Users/macchuzu/Library/Developer/Xcode/DerivedData/EtyNote-bknvbnxncpajuygxuromppnmndkc/Build/Intermediates.noindex/EtyNote.build/Debug-iphonesimulator/EtyNote.build/Objects-normal/arm64/ExtractedAppShortcutsMetadata.stringsdata --stringsdata-file /Users/macchuzu/Library/Developer/Xcode/DerivedData/EtyNote-bknvbnxncpajuygxuromppnmndkc/Build/Intermediates.noindex/EtyNote.build/Debug-iphonesimulator/EtyNote.build/Objects-normal/x86_64/ExtractedAppShortcutsMetadata.stringsdata --source-file-list /Users/macchuzu/Library/Developer/Xcode/DerivedData/EtyNote-bknvbnxncpajuygxuromppnmndkc/Build/Intermediates.noindex/EtyNote.build/Debug-iphonesimulator/EtyNote.build/Objects-normal/arm64/EtyNote.SwiftFileList --source-file-list /Users/macchuzu/Library/Developer/Xcode/DerivedData/EtyNote-bknvbnxncpajuygxuromppnmndkc/Build/Intermediates.noindex/EtyNote.build/Debug-iphonesimulator/EtyNote.build/Objects-normal/x86_64/EtyNote.SwiftFileList --metadata-file-list /Users/macchuzu/Library/Developer/Xcode/DerivedData/EtyNote-bknvbnxncpajuygxuromppnmndkc/Build/Intermediates.noindex/EtyNote.build/Debug-iphonesimulator/EtyNote.build/EtyNote.DependencyMetadataFileList --static-metadata-file-list /Users/macchuzu/Library/Developer/Xcode/DerivedData/EtyNote-bknvbnxncpajuygxuromppnmndkc/Build/Intermediates.noindex/EtyNote.build/Debug-iphonesimulator/EtyNote.build/EtyNote.DependencyStaticMetadataFileList --swift-const-vals-list /Users/macchuzu/Library/Developer/Xcode/DerivedData/EtyNote-bknvbnxncpajuygxuromppnmndkc/Build/Intermediates.noindex/EtyNote.build/Debug-iphonesimulator/EtyNote.build/Objects-normal/arm64/EtyNote.SwiftConstValuesFileList --swift-const-vals-list /Users/macchuzu/Library/Developer/Xcode/DerivedData/EtyNote-bknvbnxncpajuygxuromppnmndkc/Build/Intermediates.noindex/EtyNote.build/Debug-iphonesimulator/EtyNote.build/Objects-normal/x86_64/EtyNote.SwiftConstValuesFileList --compile-time-extraction --deployment-aware-processing --validate-assistant-intents --no-app-shortcuts-localization
2026-02-12 17:28:38.464 appintentsmetadataprocessor[85039:40141203] Starting appintentsmetadataprocessor export
2026-02-12 17:28:38.467 appintentsmetadataprocessor[85039:40141203] warning: Metadata extraction skipped. No AppIntents.framework dependency found.

AppIntentsSSUTraining (in target 'EtyNote' from project 'EtyNote')
    cd /Users/macchuzu/EtyNote
    /Applications/Xcode.app/Contents/Developer/Toolchains/XcodeDefault.xctoolchain/usr/bin/appintentsnltrainingprocessor --infoplist-path /Users/macchuzu/Library/Developer/Xcode/DerivedData/EtyNote-bknvbnxncpajuygxuromppnmndkc/Build/Products/Debug-iphonesimulator/EtyNote.app/Info.plist --temp-dir-path /Users/macchuzu/Library/Developer/Xcode/DerivedData/EtyNote-bknvbnxncpajuygxuromppnmndkc/Build/Intermediates.noindex/EtyNote.build/Debug-iphonesimulator/EtyNote.build/ssu --bundle-id com.backwell88.EtyNote --product-path /Users/macchuzu/Library/Developer/Xcode/DerivedData/EtyNote-bknvbnxncpajuygxuromppnmndkc/Build/Products/Debug-iphonesimulator/EtyNote.app --extracted-metadata-path /Users/macchuzu/Library/Developer/Xcode/DerivedData/EtyNote-bknvbnxncpajuygxuromppnmndkc/Build/Products/Debug-iphonesimulator/EtyNote.app/Metadata.appintents --metadata-file-list /Users/macchuzu/Library/Developer/Xcode/DerivedData/EtyNote-bknvbnxncpajuygxuromppnmndkc/Build/Intermediates.noindex/EtyNote.build/Debug-iphonesimulator/EtyNote.build/EtyNote.DependencyMetadataFileList --archive-ssu-assets
2026-02-12 17:28:38.485 appintentsnltrainingprocessor[85040:40141204] Parsing options for appintentsnltrainingprocessor
2026-02-12 17:28:38.486 appintentsnltrainingprocessor[85040:40141204] No AppShortcuts found - Skipping.

RegisterExecutionPolicyException /Users/macchuzu/Library/Developer/Xcode/DerivedData/EtyNote-bknvbnxncpajuygxuromppnmndkc/Build/Products/Debug-iphonesimulator/EtyNote.app (in target 'EtyNote' from project 'EtyNote')
    cd /Users/macchuzu/EtyNote
    builtin-RegisterExecutionPolicyException /Users/macchuzu/Library/Developer/Xcode/DerivedData/EtyNote-bknvbnxncpajuygxuromppnmndkc/Build/Products/Debug-iphonesimulator/EtyNote.app

Validate /Users/macchuzu/Library/Developer/Xcode/DerivedData/EtyNote-bknvbnxncpajuygxuromppnmndkc/Build/Products/Debug-iphonesimulator/EtyNote.app (in target 'EtyNote' from project 'EtyNote')
    cd /Users/macchuzu/EtyNote
    builtin-validationUtility /Users/macchuzu/Library/Developer/Xcode/DerivedData/EtyNote-bknvbnxncpajuygxuromppnmndkc/Build/Products/Debug-iphonesimulator/EtyNote.app -shallow-bundle -infoplist-subpath Info.plist

Touch /Users/macchuzu/Library/Developer/Xcode/DerivedData/EtyNote-bknvbnxncpajuygxuromppnmndkc/Build/Products/Debug-iphonesimulator/EtyNote.app (in target 'EtyNote' from project 'EtyNote')
    cd /Users/macchuzu/EtyNote
    /usr/bin/touch -c /Users/macchuzu/Library/Developer/Xcode/DerivedData/EtyNote-bknvbnxncpajuygxuromppnmndkc/Build/Products/Debug-iphonesimulator/EtyNote.app

** BUILD SUCCEEDED **

